#
# A fatal error has been detected by the Java Runtime Environment:
#
#  SIGSEGV (0xb) at pc=0x00007f8afd023bd9, pid=8097, tid=0x00007f8b14352700
#
# JRE version: Java(TM) SE Runtime Environment (8.0_144-b01) (build 1.8.0_144-b01)
# Java VM: Java HotSpot(TM) 64-Bit Server VM (25.144-b01 mixed mode linux-amd64 compressed oops)
# Problematic frame:
# j  org.jruby.parser.Ruby19Parser.yyparse(Lorg/jruby/lexer/yacc/RubyYaccLexer;)Ljava/lang/Object;+723
#
# Failed to write core dump. Core dumps have been disabled. To enable core dumping, try "ulimit -c unlimited" before starting Java again
#
# If you would like to submit a bug report, please visit:
#   http://bugreport.java.com/bugreport/crash.jsp
#

---------------  T H R E A D  ---------------

Current thread (0x00007f8b0c00a000):  JavaThread "main" [_thread_in_Java, id=8100, stack(0x00007f8b14252000,0x00007f8b14353000)]

siginfo: si_signo: 11 (SIGSEGV), si_code: 2 (SEGV_ACCERR), si_addr: 0x00000001006e0fc0

Registers:
RAX=0x00000001002d9b48, RBX=0x0000000000000000, RCX=0x00000000f73be010, RDX=0x00000001006e0ea0
RSP=0x00007f8b1434f698, RBP=0x00007f8b1434f710, RSI=0x00007f8b1434f650, RDI=0x0000000000000ef8
R8 =0x00000000000002f6, R9 =0xfffffffffffffff8, R10=0x00007f8b137209a0, R11=0x00007f8afd2f5080
R12=0x0000000000000000, R13=0x0000000000000000, R14=0x00007f8b1434f780, R15=0x00007f8b0c00a000
RIP=0x00007f8afd023bd9, EFLAGS=0x0000000000010246, CSGSFS=0x002b000000000033, ERR=0x0000000000000004
  TRAPNO=0x000000000000000e

Top of Stack: (sp=0x00007f8b1434f698)
0x00007f8b1434f698:   00007f8afd008114 000000000000001e
0x00007f8b1434f6a8:   00000000f5bc8608 00000000f5c43858
0x00007f8b1434f6b8:   00000000f5bc80a0 00000000f5bc8078
0x00007f8b1434f6c8:   00000000f73be010 00007f8b1434f6d0
0x00007f8b1434f6d8:   00007f8af291de63 00007f8b1434f780
0x00007f8b1434f6e8:   00007f8af291e240 0000000000000000
0x00007f8b1434f6f8:   00007f8af291e050 0000000000000000
0x00007f8b1434f708:   00007f8b1434f778 00007f8b1434f7c8
0x00007f8b1434f718:   00007f8afd008040 000000000000002f
0x00007f8b1434f728:   00000000f73be010 000000000000001d
0x00007f8b1434f738:   0000000000000042 000000000000001e
0x00007f8b1434f748:   0000000000000000 000000000000000a
0x00007f8b1434f758:   00000000f5bc8608 00000000f5c43858
0x00007f8b1434f768:   00000000f5bc81f8 0000000000000108
0x00007f8b1434f778:   00000000f5bc80a0 00000000f5bc8058
0x00007f8b1434f788:   00007f8b1434f788 00007f8af291da22
0x00007f8b1434f798:   00007f8b1434f7e8 00007f8af291e240
0x00007f8b1434f7a8:   0000000000000000 00007f8af291da58
0x00007f8b1434f7b8:   00007f8b1434f778 00007f8b1434f7d8
0x00007f8b1434f7c8:   00007f8b1434f830 00007f8afd008040
0x00007f8b1434f7d8:   0000000000000000 00000000f5bc80a0
0x00007f8b1434f7e8:   00000000f5bc8058 00007f8b1434f7f0
0x00007f8b1434f7f8:   00007f8af291e13b 00007f8b1434f860
0x00007f8b1434f808:   00007f8af291e240 0000000000000000
0x00007f8b1434f818:   00007f8af291e1e8 00007f8b1434f7d8
0x00007f8b1434f828:   00007f8b1434f850 00007f8b1434f8a8
0x00007f8b1434f838:   00007f8afd008114 0000000000000000
0x00007f8b1434f848:   0000000000000000 00000000f5bc7c30
0x00007f8b1434f858:   00000000f5bc7c00 00000000f5bc8058
0x00007f8b1434f868:   00007f8b1434f868 00007f8b108928a2
0x00007f8b1434f878:   00007f8b1434f910 00007f8b10892d10
0x00007f8b1434f888:   0000000000000000 00007f8b10892b28 

Instructions: (pc=0x00007f8afd023bd9)
0x00007f8afd023bb9:   49 83 5d 28 00 e9 0e 00 00 00 49 89 55 10 41 be
0x00007f8afd023bc9:   01 00 00 00 4d 89 75 18 49 83 c5 30 4c 89 6d e0
0x00007f8afd023bd9:   44 8b aa 20 01 00 00 4e 8d ac ea b8 01 00 00 48
0x00007f8afd023be9:   8d 14 da 49 8b 5d 00 48 3b c3 74 16 48 85 db 0f 

Register to memory mapping:

RAX=0x00000001002d9b48 is pointing into metadata
RBX=0x0000000000000000 is an unknown value
RCX=0x00000000f73be010 is an oop
org.jruby.parser.Ruby19Parser$56 
 - klass: 'org/jruby/parser/Ruby19Parser$56'
RDX=0x00000001006e0ea0 is an unknown value
RSP=0x00007f8b1434f698 is pointing into the stack for thread: 0x00007f8b0c00a000
RBP=0x00007f8b1434f710 is pointing into the stack for thread: 0x00007f8b0c00a000
RSI=0x00007f8b1434f650 is pointing into the stack for thread: 0x00007f8b0c00a000
RDI=0x0000000000000ef8 is an unknown value
R8 =0x00000000000002f6 is an unknown value
R9 =0xfffffffffffffff8 is an unknown value
R10=0x00007f8b137209a0: <offset 0xfcc9a0> in /usr/lib/jvm/java-8-oracle/jre/lib/amd64/server/libjvm.so at 0x00007f8b12754000
R11=0x00007f8afd2f5080 is at entry_point+32 in (nmethod*)0x00007f8afd2f4f10
R12=0x0000000000000000 is an unknown value
R13=0x0000000000000000 is an unknown value
R14=0x00007f8b1434f780 is pointing into the stack for thread: 0x00007f8b0c00a000
R15=0x00007f8b0c00a000 is a thread


Stack: [0x00007f8b14252000,0x00007f8b14353000],  sp=0x00007f8b1434f698,  free space=1013k
Native frames: (J=compiled Java code, j=interpreted, Vv=VM code, C=native code)
j  org.jruby.parser.Ruby19Parser.yyparse(Lorg/jruby/lexer/yacc/RubyYaccLexer;)Ljava/lang/Object;+723
j  org.jruby.parser.Ruby19Parser.yyparse(Lorg/jruby/lexer/yacc/RubyYaccLexer;Ljava/lang/Object;)Ljava/lang/Object;+10
j  org.jruby.parser.Ruby19Parser.parse(Lorg/jruby/parser/ParserConfiguration;Lorg/jruby/lexer/yacc/LexerSource;)Lorg/jruby/parser/RubyParserResult;+99
j  org.jruby.parser.Parser.parse(Ljava/lang/String;Lorg/jruby/lexer/yacc/LexerSource;Lorg/jruby/runtime/DynamicScope;Lorg/jruby/parser/ParserConfiguration;)Lorg/jruby/ast/Node;+50
j  org.jruby.parser.Parser.parse(Ljava/lang/String;[BLorg/jruby/runtime/DynamicScope;Lorg/jruby/parser/ParserConfiguration;)Lorg/jruby/ast/Node;+31
j  org.jruby.parser.Parser.parse(Ljava/lang/String;Ljava/io/InputStream;Lorg/jruby/runtime/DynamicScope;Lorg/jruby/parser/ParserConfiguration;)Lorg/jruby/ast/Node;+32
j  org.jruby.Ruby.parseFile(Ljava/io/InputStream;Ljava/lang/String;Lorg/jruby/runtime/DynamicScope;I)Lorg/jruby/ast/Node;+38
j  org.jruby.Ruby.parseFile(Ljava/io/InputStream;Ljava/lang/String;Lorg/jruby/runtime/DynamicScope;)Lorg/jruby/ast/Node;+5
j  org.jruby.Ruby.loadFile(Ljava/lang/String;Ljava/io/InputStream;Z)V+57
j  org.jruby.runtime.load.ExternalScript.load(Lorg/jruby/Ruby;Z)V+88
j  org.jruby.runtime.load.LoadService.tryLoadingLibraryOrScript(Lorg/jruby/Ruby;Lorg/jruby/runtime/load/LoadService$SearchState;)Z+6
j  org.jruby.runtime.load.LoadService.smartLoadInternal(Ljava/lang/String;)Z+74
j  org.jruby.runtime.load.LoadService.requireCommon(Ljava/lang/String;Z)Lorg/jruby/runtime/load/LoadService$RequireState;+134
j  org.jruby.runtime.load.LoadService.require(Ljava/lang/String;)Z+3
j  org.jruby.RubyKernel.requireCommon(Lorg/jruby/Ruby;Lorg/jruby/runtime/builtin/IRubyObject;Lorg/jruby/runtime/builtin/IRubyObject;Lorg/jruby/runtime/Block;)Lorg/jruby/runtime/builtin/IRubyObject;+13
j  org.jruby.RubyKernel.require19(Lorg/jruby/runtime/ThreadContext;Lorg/jruby/runtime/builtin/IRubyObject;Lorg/jruby/runtime/builtin/IRubyObject;Lorg/jruby/runtime/Block;)Lorg/jruby/runtime/builtin/IRubyObject;+30
j  org.jruby.RubyKernel$INVOKER$s$1$0$require19.call(Lorg/jruby/runtime/ThreadContext;Lorg/jruby/runtime/builtin/IRubyObject;Lorg/jruby/RubyModule;Ljava/lang/String;Lorg/jruby/runtime/builtin/IRubyObject;Lorg/jruby/runtime/Block;)Lorg/jruby/runtime/builtin/IRubyObject;+6
j  org.jruby.internal.runtime.methods.JavaMethod$JavaMethodOneOrNBlock.call(Lorg/jruby/runtime/ThreadContext;Lorg/jruby/runtime/builtin/IRubyObject;Lorg/jruby/RubyModule;Ljava/lang/String;Lorg/jruby/runtime/builtin/IRubyObject;)Lorg/jruby/runtime/builtin/IRubyObject;+11
j  org.jruby.runtime.callsite.CachingCallSite.cacheAndCall(Lorg/jruby/runtime/builtin/IRubyObject;Lorg/jruby/RubyClass;Lorg/jruby/runtime/ThreadContext;Lorg/jruby/runtime/builtin/IRubyObject;Lorg/jruby/runtime/builtin/IRubyObject;)Lorg/jruby/runtime/builtin/IRubyObject;+57
j  org.jruby.runtime.callsite.CachingCallSite.call(Lorg/jruby/runtime/ThreadContext;Lorg/jruby/runtime/builtin/IRubyObject;Lorg/jruby/runtime/builtin/IRubyObject;Lorg/jruby/runtime/builtin/IRubyObject;)Lorg/jruby/runtime/builtin/IRubyObject;+50
j  org.jruby.ast.FCallOneArgNode.interpret(Lorg/jruby/Ruby;Lorg/jruby/runtime/ThreadContext;Lorg/jruby/runtime/builtin/IRubyObject;Lorg/jruby/runtime/Block;)Lorg/jruby/runtime/builtin/IRubyObject;+19
j  org.jruby.ast.NewlineNode.interpret(Lorg/jruby/Ruby;Lorg/jruby/runtime/ThreadContext;Lorg/jruby/runtime/builtin/IRubyObject;Lorg/jruby/runtime/Block;)Lorg/jruby/runtime/builtin/IRubyObject;+41
j  org.jruby.ast.BlockNode.interpret(Lorg/jruby/Ruby;Lorg/jruby/runtime/ThreadContext;Lorg/jruby/runtime/builtin/IRubyObject;Lorg/jruby/runtime/Block;)Lorg/jruby/runtime/builtin/IRubyObject;+33
j  org.jruby.ast.RootNode.interpret(Lorg/jruby/Ruby;Lorg/jruby/runtime/ThreadContext;Lorg/jruby/runtime/builtin/IRubyObject;Lorg/jruby/runtime/Block;)Lorg/jruby/runtime/builtin/IRubyObject;+61
j  org.jruby.evaluator.ASTInterpreter.INTERPRET_ROOT(Lorg/jruby/Ruby;Lorg/jruby/runtime/ThreadContext;Lorg/jruby/ast/Node;Lorg/jruby/runtime/builtin/IRubyObject;Lorg/jruby/runtime/Block;)Lorg/jruby/runtime/builtin/IRubyObject;+16
j  org.jruby.Ruby.runInterpreter(Lorg/jruby/runtime/ThreadContext;Lorg/jruby/ast/Node;Lorg/jruby/runtime/builtin/IRubyObject;)Lorg/jruby/runtime/builtin/IRubyObject;+51
j  org.jruby.Ruby.loadFile(Ljava/lang/String;Ljava/io/InputStream;Z)V+88
j  org.jruby.runtime.load.ExternalScript.load(Lorg/jruby/Ruby;Z)V+88
j  org.jruby.runtime.load.LoadService.tryLoadingLibraryOrScript(Lorg/jruby/Ruby;Lorg/jruby/runtime/load/LoadService$SearchState;)Z+6
j  org.jruby.runtime.load.LoadService.smartLoadInternal(Ljava/lang/String;)Z+74
j  org.jruby.runtime.load.LoadService.requireCommon(Ljava/lang/String;Z)Lorg/jruby/runtime/load/LoadService$RequireState;+134
j  org.jruby.runtime.load.LoadService.require(Ljava/lang/String;)Z+3
j  org.jruby.RubyKernel.requireCommon(Lorg/jruby/Ruby;Lorg/jruby/runtime/builtin/IRubyObject;Lorg/jruby/runtime/builtin/IRubyObject;Lorg/jruby/runtime/Block;)Lorg/jruby/runtime/builtin/IRubyObject;+13
j  org.jruby.RubyKernel.require19(Lorg/jruby/runtime/ThreadContext;Lorg/jruby/runtime/builtin/IRubyObject;Lorg/jruby/runtime/builtin/IRubyObject;Lorg/jruby/runtime/Block;)Lorg/jruby/runtime/builtin/IRubyObject;+30
j  org.jruby.RubyKernel$INVOKER$s$1$0$require19.call(Lorg/jruby/runtime/ThreadContext;Lorg/jruby/runtime/builtin/IRubyObject;Lorg/jruby/RubyModule;Ljava/lang/String;Lorg/jruby/runtime/builtin/IRubyObject;Lorg/jruby/runtime/Block;)Lorg/jruby/runtime/builtin/IRubyObject;+6
j  org.jruby.internal.runtime.methods.JavaMethod$JavaMethodOneOrNBlock.call(Lorg/jruby/runtime/ThreadContext;Lorg/jruby/runtime/builtin/IRubyObject;Lorg/jruby/RubyModule;Ljava/lang/String;Lorg/jruby/runtime/builtin/IRubyObject;)Lorg/jruby/runtime/builtin/IRubyObject;+11
j  org.jruby.runtime.callsite.CachingCallSite.cacheAndCall(Lorg/jruby/runtime/builtin/IRubyObject;Lorg/jruby/RubyClass;Lorg/jruby/runtime/ThreadContext;Lorg/jruby/runtime/builtin/IRubyObject;Lorg/jruby/runtime/builtin/IRubyObject;)Lorg/jruby/runtime/builtin/IRubyObject;+57
j  org.jruby.runtime.callsite.CachingCallSite.call(Lorg/jruby/runtime/ThreadContext;Lorg/jruby/runtime/builtin/IRubyObject;Lorg/jruby/runtime/builtin/IRubyObject;Lorg/jruby/runtime/builtin/IRubyObject;)Lorg/jruby/runtime/builtin/IRubyObject;+50
j  org.jruby.ast.FCallOneArgNode.interpret(Lorg/jruby/Ruby;Lorg/jruby/runtime/ThreadContext;Lorg/jruby/runtime/builtin/IRubyObject;Lorg/jruby/runtime/Block;)Lorg/jruby/runtime/builtin/IRubyObject;+19
j  org.jruby.ast.NewlineNode.interpret(Lorg/jruby/Ruby;Lorg/jruby/runtime/ThreadContext;Lorg/jruby/runtime/builtin/IRubyObject;Lorg/jruby/runtime/Block;)Lorg/jruby/runtime/builtin/IRubyObject;+41
j  org.jruby.ast.BlockNode.interpret(Lorg/jruby/Ruby;Lorg/jruby/runtime/ThreadContext;Lorg/jruby/runtime/builtin/IRubyObject;Lorg/jruby/runtime/Block;)Lorg/jruby/runtime/builtin/IRubyObject;+33
j  org.jruby.ast.RootNode.interpret(Lorg/jruby/Ruby;Lorg/jruby/runtime/ThreadContext;Lorg/jruby/runtime/builtin/IRubyObject;Lorg/jruby/runtime/Block;)Lorg/jruby/runtime/builtin/IRubyObject;+61
j  org.jruby.evaluator.ASTInterpreter.INTERPRET_ROOT(Lorg/jruby/Ruby;Lorg/jruby/runtime/ThreadContext;Lorg/jruby/ast/Node;Lorg/jruby/runtime/builtin/IRubyObject;Lorg/jruby/runtime/Block;)Lorg/jruby/runtime/builtin/IRubyObject;+16
j  org.jruby.Ruby.runInterpreter(Lorg/jruby/runtime/ThreadContext;Lorg/jruby/ast/Node;Lorg/jruby/runtime/builtin/IRubyObject;)Lorg/jruby/runtime/builtin/IRubyObject;+51
j  org.jruby.Ruby.loadFile(Ljava/lang/String;Ljava/io/InputStream;Z)V+88
j  org.jruby.runtime.load.ExternalScript.load(Lorg/jruby/Ruby;Z)V+88
j  org.jruby.runtime.load.LoadService.tryLoadingLibraryOrScript(Lorg/jruby/Ruby;Lorg/jruby/runtime/load/LoadService$SearchState;)Z+6
j  org.jruby.runtime.load.LoadService.smartLoadInternal(Ljava/lang/String;)Z+74
j  org.jruby.runtime.load.LoadService.requireCommon(Ljava/lang/String;Z)Lorg/jruby/runtime/load/LoadService$RequireState;+134
j  org.jruby.runtime.load.LoadService.require(Ljava/lang/String;)Z+3
j  org.jruby.javasupport.Java.load(Lorg/jruby/Ruby;Z)V+44
j  org.jruby.runtime.load.LoadService.reflectedLoad(Lorg/jruby/Ruby;Ljava/lang/String;Ljava/lang/String;Ljava/lang/ClassLoader;Z)V+47
j  org.jruby.ext.LateLoadingLibrary.load(Lorg/jruby/Ruby;Z)V+14
j  org.jruby.runtime.load.LoadService.tryLoadingLibraryOrScript(Lorg/jruby/Ruby;Lorg/jruby/runtime/load/LoadService$SearchState;)Z+6
j  org.jruby.runtime.load.LoadService.smartLoadInternal(Ljava/lang/String;)Z+74
j  org.jruby.runtime.load.LoadService.requireCommon(Ljava/lang/String;Z)Lorg/jruby/runtime/load/LoadService$RequireState;+134
j  org.jruby.runtime.load.LoadService.require(Ljava/lang/String;)Z+3
j  org.jruby.ext.jruby.JRubyLibrary.load(Lorg/jruby/Ruby;Z)V+11
j  org.jruby.runtime.load.LoadService.reflectedLoad(Lorg/jruby/Ruby;Ljava/lang/String;Ljava/lang/String;Ljava/lang/ClassLoader;Z)V+47
j  org.jruby.ext.LateLoadingLibrary.load(Lorg/jruby/Ruby;Z)V+14
j  org.jruby.runtime.load.LoadService.tryLoadingLibraryOrScript(Lorg/jruby/Ruby;Lorg/jruby/runtime/load/LoadService$SearchState;)Z+6
j  org.jruby.runtime.load.LoadService.smartLoadInternal(Ljava/lang/String;)Z+74
j  org.jruby.runtime.load.LoadService.requireCommon(Ljava/lang/String;Z)Lorg/jruby/runtime/load/LoadService$RequireState;+134
j  org.jruby.runtime.load.LoadService.require(Ljava/lang/String;)Z+3
j  org.jruby.Ruby.init()V+243
j  org.jruby.Ruby.newInstance(Lorg/jruby/RubyInstanceConfig;)Lorg/jruby/Ruby;+10
j  org.jruby.Main.internalRun()Lorg/jruby/Main$Status;+78
j  org.jruby.Main.run([Ljava/lang/String;)Lorg/jruby/Main$Status;+9
j  org.jruby.Main.main([Ljava/lang/String;)V+35
v  ~StubRoutines::call_stub
V  [libjvm.so+0x693e96]  JavaCalls::call_helper(JavaValue*, methodHandle*, JavaCallArguments*, Thread*)+0x1056
V  [libjvm.so+0x6d52b2]  jni_invoke_static(JNIEnv_*, JavaValue*, _jobject*, JNICallType, _jmethodID*, JNI_ArgumentPusher*, Thread*)+0x362
V  [libjvm.so+0x6f1b1a]  jni_CallStaticVoidMethod+0x17a
C  [libjli.so+0x7bdf]  JavaMain+0x81f
C  [libpthread.so.0+0x76ba]  start_thread+0xca


---------------  P R O C E S S  ---------------

Java Threads: ( => current thread )
  0x00007f8b0c0ba000 JavaThread "Service Thread" daemon [_thread_blocked, id=8112, stack(0x00007f8af2d18000,0x00007f8af2e19000)]
  0x00007f8b0c0b7000 JavaThread "C1 CompilerThread1" daemon [_thread_in_native, id=8111, stack(0x00007f8af2e19000,0x00007f8af2f1a000)]
  0x00007f8b0c0b4000 JavaThread "C2 CompilerThread0" daemon [_thread_in_native, id=8110, stack(0x00007f8af2f1a000,0x00007f8af301b000)]
  0x00007f8b0c0b2800 JavaThread "Signal Dispatcher" daemon [_thread_blocked, id=8109, stack(0x00007f8af301b000,0x00007f8af311c000)]
  0x00007f8b0c080000 JavaThread "Finalizer" daemon [_thread_blocked, id=8106, stack(0x00007f8af33f4000,0x00007f8af34f5000)]
  0x00007f8b0c07b800 JavaThread "Reference Handler" daemon [_thread_blocked, id=8105, stack(0x00007f8af34f5000,0x00007f8af35f6000)]
=>0x00007f8b0c00a000 JavaThread "main" [_thread_in_Java, id=8100, stack(0x00007f8b14252000,0x00007f8b14353000)]

Other Threads:
  0x00007f8b0c073800 VMThread [stack: 0x00007f8af35f6000,0x00007f8af36f7000] [id=8104]
  0x00007f8b0c0bd000 WatcherThread [stack: 0x00007f8af2c17000,0x00007f8af2d18000] [id=8113]

VM state:not at safepoint (normal execution)

VM Mutex/Monitor currently owned by a thread: None

Heap:
 PSYoungGen      total 27648K, used 10979K [0x00000000f5580000, 0x00000000f7400000, 0x0000000100000000)
  eden space 24064K, 30% used [0x00000000f5580000,0x00000000f5cba5e8,0x00000000f6d00000)
  from space 3584K, 99% used [0x00000000f7080000,0x00000000f73fe9f8,0x00000000f7400000)
  to   space 3584K, 0% used [0x00000000f6d00000,0x00000000f6d00000,0x00000000f7080000)
 ParOldGen       total 62976K, used 6413K [0x00000000e0000000, 0x00000000e3d80000, 0x00000000f5580000)
  object space 62976K, 10% used [0x00000000e0000000,0x00000000e06437a8,0x00000000e3d80000)
 Metaspace       used 17316K, capacity 17516K, committed 17664K, reserved 1062912K
  class space    used 3181K, capacity 3260K, committed 3328K, reserved 1048576K

Card table byte_map: [0x00007f8b10eec000,0x00007f8b10fed000] byte_map_base: 0x00007f8b107ec000

Marking Bits: (ParMarkBitMap*) 0x00007f8b1371ddc0
 Begin Bits: [0x00007f8afc000000, 0x00007f8afc800000)
 End Bits:   [0x00007f8afc800000, 0x00007f8afd000000)

Polling page: 0x00007f8b1436e000

CodeCache: size=245760Kb used=3052Kb max_used=3052Kb free=242707Kb
 bounds [0x00007f8afd000000, 0x00007f8afd300000, 0x00007f8b0c000000]
 total_blobs=1213 nmethods=851 adapters=277
 compilation: enabled

Compilation events (10 events):
Event: 3.562 Thread 0x00007f8b0c0b7000 nmethod 849 0x00007f8afd2f9350 code [0x00007f8afd2f9500, 0x00007f8afd2f99e8]
Event: 3.566 Thread 0x00007f8b0c0b7000  850       3       org.jruby.util.ByteList::append (9 bytes)
Event: 3.566 Thread 0x00007f8b0c0b7000 nmethod 850 0x00007f8afd2f9b50 code [0x00007f8afd2f9cc0, 0x00007f8afd2f9ee8]
Event: 3.566 Thread 0x00007f8b0c0b7000  851       3       org.jruby.util.ByteList::grow (70 bytes)
Event: 3.566 Thread 0x00007f8b0c0b7000 nmethod 851 0x00007f8afd2f9f90 code [0x00007f8afd2fa100, 0x00007f8afd2fa4a8]
Event: 3.571 Thread 0x00007f8b0c0b7000  852       1       org.jruby.lexer.yacc.Token::getValue (5 bytes)
Event: 3.572 Thread 0x00007f8b0c0b7000 nmethod 852 0x00007f8afd2fa590 code [0x00007f8afd2fa6e0, 0x00007f8afd2fa7f0]
Event: 3.575 Thread 0x00007f8b0c0b7000  853       3       org.jruby.ast.Node::<init> (28 bytes)
Event: 3.576 Thread 0x00007f8b0c0b7000 nmethod 853 0x00007f8afd2fa850 code [0x00007f8afd2fa9c0, 0x00007f8afd2fab90]
Event: 3.582 Thread 0x00007f8b0c0b7000  854       3       org.jruby.compiler.ASTInspector::inspect (3189 bytes)

GC Heap History (4 events):
Event: 1.644 GC heap before
{Heap before GC invocations=1 (full 0):
 PSYoungGen      total 27648K, used 24064K [0x00000000f5580000, 0x00000000f7400000, 0x0000000100000000)
  eden space 24064K, 100% used [0x00000000f5580000,0x00000000f6d00000,0x00000000f6d00000)
  from space 3584K, 0% used [0x00000000f7080000,0x00000000f7080000,0x00000000f7400000)
  to   space 3584K, 0% used [0x00000000f6d00000,0x00000000f6d00000,0x00000000f7080000)
 ParOldGen       total 62976K, used 0K [0x00000000e0000000, 0x00000000e3d80000, 0x00000000f5580000)
  object space 62976K, 0% used [0x00000000e0000000,0x00000000e0000000,0x00000000e3d80000)
 Metaspace       used 9518K, capacity 9638K, committed 9856K, reserved 1058816K
  class space    used 1331K, capacity 1403K, committed 1408K, reserved 1048576K
Event: 1.655 GC heap after
Heap after GC invocations=1 (full 0):
 PSYoungGen      total 27648K, used 3556K [0x00000000f5580000, 0x00000000f7400000, 0x0000000100000000)
  eden space 24064K, 0% used [0x00000000f5580000,0x00000000f5580000,0x00000000f6d00000)
  from space 3584K, 99% used [0x00000000f6d00000,0x00000000f7079158,0x00000000f7080000)
  to   space 3584K, 0% used [0x00000000f7080000,0x00000000f7080000,0x00000000f7400000)
 ParOldGen       total 62976K, used 1475K [0x00000000e0000000, 0x00000000e3d80000, 0x00000000f5580000)
  object space 62976K, 2% used [0x00000000e0000000,0x00000000e0170ec8,0x00000000e3d80000)
 Metaspace       used 9518K, capacity 9638K, committed 9856K, reserved 1058816K
  class space    used 1331K, capacity 1403K, committed 1408K, reserved 1048576K
}
Event: 3.232 GC heap before
{Heap before GC invocations=2 (full 0):
 PSYoungGen      total 27648K, used 27620K [0x00000000f5580000, 0x00000000f7400000, 0x0000000100000000)
  eden space 24064K, 100% used [0x00000000f5580000,0x00000000f6d00000,0x00000000f6d00000)
  from space 3584K, 99% used [0x00000000f6d00000,0x00000000f7079158,0x00000000f7080000)
  to   space 3584K, 0% used [0x00000000f7080000,0x00000000f7080000,0x00000000f7400000)
 ParOldGen       total 62976K, used 1475K [0x00000000e0000000, 0x00000000e3d80000, 0x00000000f5580000)
  object space 62976K, 2% used [0x00000000e0000000,0x00000000e0170ec8,0x00000000e3d80000)
 Metaspace       used 15866K, capacity 16012K, committed 16128K, reserved 1062912K
  class space    used 2943K, capacity 3036K, committed 3072K, reserved 1048576K
Event: 3.251 GC heap after
Heap after GC invocations=2 (full 0):
 PSYoungGen      total 27648K, used 3578K [0x00000000f5580000, 0x00000000f7400000, 0x0000000100000000)
  eden space 24064K, 0% used [0x00000000f5580000,0x00000000f5580000,0x00000000f6d00000)
  from space 3584K, 99% used [0x00000000f7080000,0x00000000f73fe9f8,0x00000000f7400000)
  to   space 3584K, 0% used [0x00000000f6d00000,0x00000000f6d00000,0x00000000f7080000)
 ParOldGen       total 62976K, used 6413K [0x00000000e0000000, 0x00000000e3d80000, 0x00000000f5580000)
  object space 62976K, 10% used [0x00000000e0000000,0x00000000e06437a8,0x00000000e3d80000)
 Metaspace       used 15866K, capacity 16012K, committed 16128K, reserved 1062912K
  class space    used 2943K, capacity 3036K, committed 3072K, reserved 1048576K
}

Deoptimization events (7 events):
Event: 1.429 Thread 0x00007f8b0c00a000 Uncommon trap: reason=unstable_if action=reinterpret pc=0x00007f8afd233738 method=sun.misc.MetaIndex.mayContain(Ljava/lang/String;)Z @ 13
Event: 1.437 Thread 0x00007f8b0c00a000 Uncommon trap: reason=unstable_if action=reinterpret pc=0x00007f8afd1fb978 method=sun.misc.MetaIndex.mayContain(Ljava/lang/String;)Z @ 13
Event: 2.198 Thread 0x00007f8b0c00a000 Uncommon trap: reason=unstable_if action=reinterpret pc=0x00007f8afd28f66c method=java.util.zip.ZipFile.getEntry(Ljava/lang/String;)Ljava/util/zip/ZipEntry; @ 45
Event: 2.703 Thread 0x00007f8b0c00a000 Uncommon trap: reason=unstable_if action=reinterpret pc=0x00007f8afd1cbd70 method=java.lang.String.replace(CC)Ljava/lang/String; @ 26
Event: 2.762 Thread 0x00007f8b0c00a000 Uncommon trap: reason=unstable_if action=reinterpret pc=0x00007f8afd28a8b8 method=java.lang.String.regionMatches(ZILjava/lang/String;II)Z @ 123
Event: 2.762 Thread 0x00007f8b0c00a000 Uncommon trap: reason=predicate action=maybe_recompile pc=0x00007f8afd26eee8 method=sun.net.www.ParseUtil.encodePath(Ljava/lang/String;Z)Ljava/lang/String; @ 36
Event: 3.077 Thread 0x00007f8b0c00a000 Uncommon trap: reason=unstable_if action=reinterpret pc=0x00007f8afd243214 method=java.util.zip.InflaterInputStream.read([BII)I @ 69

Internal exceptions (10 events):
Event: 0.029 Thread 0x00007f8b0c00a000 Exception <a 'java/lang/NoSuchMethodError': Method sun.misc.Unsafe.defineClass(Ljava/lang/String;[BII)Ljava/lang/Class; name or signature does not match> (0x00000000f5587ca8) thrown at [/HUDSON3/workspace/8-2-build-linux-amd64/jdk8u144/9417/hotspot/src/sh
Event: 0.029 Thread 0x00007f8b0c00a000 Exception <a 'java/lang/NoSuchMethodError': Method sun.misc.Unsafe.prefetchRead(Ljava/lang/Object;J)V name or signature does not match> (0x00000000f5587f90) thrown at [/HUDSON3/workspace/8-2-build-linux-amd64/jdk8u144/9417/hotspot/src/share/vm/prims/jni.c
Event: 0.242 Thread 0x00007f8b0c00a000 Exception <a 'java/security/PrivilegedActionException'> (0x00000000f5de6798) thrown at [/HUDSON3/workspace/8-2-build-linux-amd64/jdk8u144/9417/hotspot/src/share/vm/prims/jvm.cpp, line 1390]
Event: 0.242 Thread 0x00007f8b0c00a000 Exception <a 'java/security/PrivilegedActionException'> (0x00000000f5de6b90) thrown at [/HUDSON3/workspace/8-2-build-linux-amd64/jdk8u144/9417/hotspot/src/share/vm/prims/jvm.cpp, line 1390]
Event: 0.244 Thread 0x00007f8b0c00a000 Exception <a 'java/security/PrivilegedActionException'> (0x00000000f5de91e0) thrown at [/HUDSON3/workspace/8-2-build-linux-amd64/jdk8u144/9417/hotspot/src/share/vm/prims/jvm.cpp, line 1390]
Event: 0.244 Thread 0x00007f8b0c00a000 Exception <a 'java/security/PrivilegedActionException'> (0x00000000f5de95d8) thrown at [/HUDSON3/workspace/8-2-build-linux-amd64/jdk8u144/9417/hotspot/src/share/vm/prims/jvm.cpp, line 1390]
Event: 0.345 Thread 0x00007f8b0c00a000 Exception <a 'java/lang/ArrayIndexOutOfBoundsException'> (0x00000000f5f12790) thrown at [/HUDSON3/workspace/8-2-build-linux-amd64/jdk8u144/9417/hotspot/src/share/vm/oops/objArrayKlass.cpp, line 306]
Event: 0.699 Thread 0x00007f8b0c00a000 Exception <a 'java/lang/NoSuchFieldError': method resolution failed> (0x00000000f617d240) thrown at [/HUDSON3/workspace/8-2-build-linux-amd64/jdk8u144/9417/hotspot/src/share/vm/prims/methodHandles.cpp, line 1146]
Event: 0.700 Thread 0x00007f8b0c00a000 Exception <a 'java/lang/NoSuchFieldError': method resolution failed> (0x00000000f618a610) thrown at [/HUDSON3/workspace/8-2-build-linux-amd64/jdk8u144/9417/hotspot/src/share/vm/prims/methodHandles.cpp, line 1146]
Event: 2.793 Thread 0x00007f8b0c00a000 Exception <a 'java/io/FileNotFoundException'> (0x00000000f664be88) thrown at [/HUDSON3/workspace/8-2-build-linux-amd64/jdk8u144/9417/hotspot/src/share/vm/prims/jni.cpp, line 709]

Events (10 events):
Event: 3.611 loading class org/jruby/ast/BreakNode
Event: 3.611 loading class org/jruby/ast/BreakNode done
Event: 3.611 loading class org/jruby/ast/CallThreeArgNode
Event: 3.611 loading class org/jruby/ast/CallThreeArgNode done
Event: 3.612 loading class org/jruby/ast/ZSuperNode
Event: 3.612 loading class org/jruby/ast/ZSuperNode done
Event: 3.612 loading class org/jruby/runtime/callsite/SuperCallSite
Event: 3.612 loading class org/jruby/runtime/callsite/SuperCallSite done
Event: 3.629 loading class org/jruby/runtime/callsite/SuperCallSite$SuperTuple
Event: 3.629 loading class org/jruby/runtime/callsite/SuperCallSite$SuperTuple done


Dynamic libraries:
00400000-00401000 r-xp 00000000 08:02 6831999                            /usr/lib/jvm/java-8-oracle/jre/bin/java
00600000-00601000 rw-p 00000000 08:02 6831999                            /usr/lib/jvm/java-8-oracle/jre/bin/java
01956000-01977000 rw-p 00000000 00:00 0                                  [heap]
e0000000-e3d80000 rw-p 00000000 00:00 0 
e3d80000-f5580000 ---p 00000000 00:00 0 
f5580000-f7400000 rw-p 00000000 00:00 0 
f7400000-100000000 ---p 00000000 00:00 0 
100000000-100340000 rw-p 00000000 00:00 0 
100340000-140000000 ---p 00000000 00:00 0 
7f8acc000000-7f8acc021000 rw-p 00000000 00:00 0 
7f8acc021000-7f8ad0000000 ---p 00000000 00:00 0 
7f8ad4000000-7f8ad4954000 rw-p 00000000 00:00 0 
7f8ad4954000-7f8ad8000000 ---p 00000000 00:00 0 
7f8ad8000000-7f8ad8021000 rw-p 00000000 00:00 0 
7f8ad8021000-7f8adc000000 ---p 00000000 00:00 0 
7f8adc000000-7f8adc021000 rw-p 00000000 00:00 0 
7f8adc021000-7f8ae0000000 ---p 00000000 00:00 0 
7f8ae0000000-7f8ae07fe000 rw-p 00000000 00:00 0 
7f8ae07fe000-7f8ae4000000 ---p 00000000 00:00 0 
7f8ae4000000-7f8ae4021000 rw-p 00000000 00:00 0 
7f8ae4021000-7f8ae8000000 ---p 00000000 00:00 0 
7f8ae8000000-7f8ae8021000 rw-p 00000000 00:00 0 
7f8ae8021000-7f8aec000000 ---p 00000000 00:00 0 
7f8aec000000-7f8aec021000 rw-p 00000000 00:00 0 
7f8aec021000-7f8af0000000 ---p 00000000 00:00 0 
7f8af2535000-7f8af2735000 rw-p 00000000 00:00 0 
7f8af2735000-7f8af2935000 rw-p 00000000 00:00 0 
7f8af2935000-7f8af2b35000 rw-p 00000000 00:00 0 
7f8af2b35000-7f8af2c17000 r--s 00b1c000 08:02 4983655                    /home/iriss-geeth/.netbeans/8.1/jruby/lib/jruby.jar
7f8af2c17000-7f8af2c18000 ---p 00000000 00:00 0 
7f8af2c18000-7f8af2d18000 rw-p 00000000 00:00 0 
7f8af2d18000-7f8af2d1b000 ---p 00000000 00:00 0 
7f8af2d1b000-7f8af2e19000 rw-p 00000000 00:00 0 
7f8af2e19000-7f8af2e1c000 ---p 00000000 00:00 0 
7f8af2e1c000-7f8af2f1a000 rw-p 00000000 00:00 0 
7f8af2f1a000-7f8af2f1d000 ---p 00000000 00:00 0 
7f8af2f1d000-7f8af301b000 rw-p 00000000 00:00 0 
7f8af301b000-7f8af301e000 ---p 00000000 00:00 0 
7f8af301e000-7f8af311c000 rw-p 00000000 00:00 0 
7f8af311c000-7f8af33f4000 r--p 00000000 08:02 6817712                    /usr/lib/locale/locale-archive
7f8af33f4000-7f8af33f7000 ---p 00000000 00:00 0 
7f8af33f7000-7f8af34f5000 rw-p 00000000 00:00 0 
7f8af34f5000-7f8af34f8000 ---p 00000000 00:00 0 
7f8af34f8000-7f8af35f6000 rw-p 00000000 00:00 0 
7f8af35f6000-7f8af35f7000 ---p 00000000 00:00 0 
7f8af35f7000-7f8af4000000 rw-p 00000000 00:00 0 
7f8af4000000-7f8af4021000 rw-p 00000000 00:00 0 
7f8af4021000-7f8af8000000 ---p 00000000 00:00 0 
7f8af8000000-7f8af8021000 rw-p 00000000 00:00 0 
7f8af8021000-7f8afc000000 ---p 00000000 00:00 0 
7f8afc000000-7f8afd000000 rw-p 00000000 00:00 0 
7f8afd000000-7f8afd300000 rwxp 00000000 00:00 0 
7f8afd300000-7f8b0c000000 ---p 00000000 00:00 0 
7f8b0c000000-7f8b0c736000 rw-p 00000000 00:00 0 
7f8b0c736000-7f8b10000000 ---p 00000000 00:00 0 
7f8b10065000-7f8b1013f000 rw-p 00000000 00:00 0 
7f8b1013f000-7f8b10319000 r--s 03d4d000 08:02 6831713                    /usr/lib/jvm/java-8-oracle/jre/lib/rt.jar
7f8b10319000-7f8b10cea000 rw-p 00000000 00:00 0 
7f8b10cea000-7f8b10ceb000 ---p 00000000 00:00 0 
7f8b10ceb000-7f8b10deb000 rw-p 00000000 00:00 0 
7f8b10deb000-7f8b10dec000 ---p 00000000 00:00 0 
7f8b10dec000-7f8b10f0b000 rw-p 00000000 00:00 0 
7f8b10f0b000-7f8b10f96000 ---p 00000000 00:00 0 
7f8b10f96000-7f8b10fa6000 rw-p 00000000 00:00 0 
7f8b10fa6000-7f8b10fec000 ---p 00000000 00:00 0 
7f8b10fec000-7f8b10ff9000 rw-p 00000000 00:00 0 
7f8b10ff9000-7f8b113ad000 ---p 00000000 00:00 0 
7f8b113ad000-7f8b113c7000 r-xp 00000000 08:02 6831744                    /usr/lib/jvm/java-8-oracle/jre/lib/amd64/libzip.so
7f8b113c7000-7f8b115c7000 ---p 0001a000 08:02 6831744                    /usr/lib/jvm/java-8-oracle/jre/lib/amd64/libzip.so
7f8b115c7000-7f8b115c8000 rw-p 0001a000 08:02 6831744                    /usr/lib/jvm/java-8-oracle/jre/lib/amd64/libzip.so
7f8b115c8000-7f8b115d3000 r-xp 00000000 08:02 6553687                    /lib/x86_64-linux-gnu/libnss_files-2.23.so
7f8b115d3000-7f8b117d2000 ---p 0000b000 08:02 6553687                    /lib/x86_64-linux-gnu/libnss_files-2.23.so
7f8b117d2000-7f8b117d3000 r--p 0000a000 08:02 6553687                    /lib/x86_64-linux-gnu/libnss_files-2.23.so
7f8b117d3000-7f8b117d4000 rw-p 0000b000 08:02 6553687                    /lib/x86_64-linux-gnu/libnss_files-2.23.so
7f8b117d4000-7f8b117da000 rw-p 00000000 00:00 0 
7f8b117da000-7f8b117e5000 r-xp 00000000 08:02 6553690                    /lib/x86_64-linux-gnu/libnss_nis-2.23.so
7f8b117e5000-7f8b119e4000 ---p 0000b000 08:02 6553690                    /lib/x86_64-linux-gnu/libnss_nis-2.23.so
7f8b119e4000-7f8b119e5000 r--p 0000a000 08:02 6553690                    /lib/x86_64-linux-gnu/libnss_nis-2.23.so
7f8b119e5000-7f8b119e6000 rw-p 0000b000 08:02 6553690                    /lib/x86_64-linux-gnu/libnss_nis-2.23.so
7f8b119e6000-7f8b119fc000 r-xp 00000000 08:02 6553683                    /lib/x86_64-linux-gnu/libnsl-2.23.so
7f8b119fc000-7f8b11bfb000 ---p 00016000 08:02 6553683                    /lib/x86_64-linux-gnu/libnsl-2.23.so
7f8b11bfb000-7f8b11bfc000 r--p 00015000 08:02 6553683                    /lib/x86_64-linux-gnu/libnsl-2.23.so
7f8b11bfc000-7f8b11bfd000 rw-p 00016000 08:02 6553683                    /lib/x86_64-linux-gnu/libnsl-2.23.so
7f8b11bfd000-7f8b11bff000 rw-p 00000000 00:00 0 
7f8b11bff000-7f8b11c07000 r-xp 00000000 08:02 6553696                    /lib/x86_64-linux-gnu/libnss_compat-2.23.so
7f8b11c07000-7f8b11e06000 ---p 00008000 08:02 6553696                    /lib/x86_64-linux-gnu/libnss_compat-2.23.so
7f8b11e06000-7f8b11e07000 r--p 00007000 08:02 6553696                    /lib/x86_64-linux-gnu/libnss_compat-2.23.so
7f8b11e07000-7f8b11e08000 rw-p 00008000 08:02 6553696                    /lib/x86_64-linux-gnu/libnss_compat-2.23.so
7f8b11e08000-7f8b11e33000 r-xp 00000000 08:02 6831769                    /usr/lib/jvm/java-8-oracle/jre/lib/amd64/libjava.so
7f8b11e33000-7f8b12032000 ---p 0002b000 08:02 6831769                    /usr/lib/jvm/java-8-oracle/jre/lib/amd64/libjava.so
7f8b12032000-7f8b12034000 rw-p 0002a000 08:02 6831769                    /usr/lib/jvm/java-8-oracle/jre/lib/amd64/libjava.so
7f8b12034000-7f8b12041000 r-xp 00000000 08:02 6831722                    /usr/lib/jvm/java-8-oracle/jre/lib/amd64/libverify.so
7f8b12041000-7f8b12241000 ---p 0000d000 08:02 6831722                    /usr/lib/jvm/java-8-oracle/jre/lib/amd64/libverify.so
7f8b12241000-7f8b12243000 rw-p 0000d000 08:02 6831722                    /usr/lib/jvm/java-8-oracle/jre/lib/amd64/libverify.so
7f8b12243000-7f8b1224a000 r-xp 00000000 08:02 6553692                    /lib/x86_64-linux-gnu/librt-2.23.so
7f8b1224a000-7f8b12449000 ---p 00007000 08:02 6553692                    /lib/x86_64-linux-gnu/librt-2.23.so
7f8b12449000-7f8b1244a000 r--p 00006000 08:02 6553692                    /lib/x86_64-linux-gnu/librt-2.23.so
7f8b1244a000-7f8b1244b000 rw-p 00007000 08:02 6553692                    /lib/x86_64-linux-gnu/librt-2.23.so
7f8b1244b000-7f8b12553000 r-xp 00000000 08:02 6558191                    /lib/x86_64-linux-gnu/libm-2.23.so
7f8b12553000-7f8b12752000 ---p 00108000 08:02 6558191                    /lib/x86_64-linux-gnu/libm-2.23.so
7f8b12752000-7f8b12753000 r--p 00107000 08:02 6558191                    /lib/x86_64-linux-gnu/libm-2.23.so
7f8b12753000-7f8b12754000 rw-p 00108000 08:02 6558191                    /lib/x86_64-linux-gnu/libm-2.23.so
7f8b12754000-7f8b13427000 r-xp 00000000 08:02 6831781                    /usr/lib/jvm/java-8-oracle/jre/lib/amd64/server/libjvm.so
7f8b13427000-7f8b13626000 ---p 00cd3000 08:02 6831781                    /usr/lib/jvm/java-8-oracle/jre/lib/amd64/server/libjvm.so
7f8b13626000-7f8b13700000 rw-p 00cd2000 08:02 6831781                    /usr/lib/jvm/java-8-oracle/jre/lib/amd64/server/libjvm.so
7f8b13700000-7f8b1374b000 rw-p 00000000 00:00 0 
7f8b1374b000-7f8b1390b000 r-xp 00000000 08:02 6558196                    /lib/x86_64-linux-gnu/libc-2.23.so
7f8b1390b000-7f8b13b0b000 ---p 001c0000 08:02 6558196                    /lib/x86_64-linux-gnu/libc-2.23.so
7f8b13b0b000-7f8b13b0f000 r--p 001c0000 08:02 6558196                    /lib/x86_64-linux-gnu/libc-2.23.so
7f8b13b0f000-7f8b13b11000 rw-p 001c4000 08:02 6558196                    /lib/x86_64-linux-gnu/libc-2.23.so
7f8b13b11000-7f8b13b15000 rw-p 00000000 00:00 0 
7f8b13b15000-7f8b13b18000 r-xp 00000000 08:02 6553695                    /lib/x86_64-linux-gnu/libdl-2.23.so
7f8b13b18000-7f8b13d17000 ---p 00003000 08:02 6553695                    /lib/x86_64-linux-gnu/libdl-2.23.so
7f8b13d17000-7f8b13d18000 r--p 00002000 08:02 6553695                    /lib/x86_64-linux-gnu/libdl-2.23.so
7f8b13d18000-7f8b13d19000 rw-p 00003000 08:02 6553695                    /lib/x86_64-linux-gnu/libdl-2.23.so
7f8b13d19000-7f8b13d2e000 r-xp 00000000 08:02 6831778                    /usr/lib/jvm/java-8-oracle/jre/lib/amd64/jli/libjli.so
7f8b13d2e000-7f8b13f2e000 ---p 00015000 08:02 6831778                    /usr/lib/jvm/java-8-oracle/jre/lib/amd64/jli/libjli.so
7f8b13f2e000-7f8b13f2f000 rw-p 00015000 08:02 6831778                    /usr/lib/jvm/java-8-oracle/jre/lib/amd64/jli/libjli.so
7f8b13f2f000-7f8b13f47000 r-xp 00000000 08:02 6553689                    /lib/x86_64-linux-gnu/libpthread-2.23.so
7f8b13f47000-7f8b14146000 ---p 00018000 08:02 6553689                    /lib/x86_64-linux-gnu/libpthread-2.23.so
7f8b14146000-7f8b14147000 r--p 00017000 08:02 6553689                    /lib/x86_64-linux-gnu/libpthread-2.23.so
7f8b14147000-7f8b14148000 rw-p 00018000 08:02 6553689                    /lib/x86_64-linux-gnu/libpthread-2.23.so
7f8b14148000-7f8b1414c000 rw-p 00000000 00:00 0 
7f8b1414c000-7f8b14172000 r-xp 00000000 08:02 6553684                    /lib/x86_64-linux-gnu/ld-2.23.so
7f8b1417a000-7f8b1417f000 r--s 0009a000 08:02 6831665                    /usr/lib/jvm/java-8-oracle/jre/lib/jsse.jar
7f8b1417f000-7f8b141c6000 rw-p 00000000 00:00 0 
7f8b141c6000-7f8b14252000 ---p 00000000 00:00 0 
7f8b14252000-7f8b14255000 ---p 00000000 00:00 0 
7f8b14255000-7f8b14357000 rw-p 00000000 00:00 0 
7f8b1435b000-7f8b14365000 rw-p 00000000 00:00 0 
7f8b14365000-7f8b1436d000 rw-s 00000000 08:02 1051556                    /tmp/hsperfdata_iriss-geeth/8097
7f8b1436d000-7f8b1436e000 rw-p 00000000 00:00 0 
7f8b1436e000-7f8b1436f000 r--p 00000000 00:00 0 
7f8b1436f000-7f8b14371000 rw-p 00000000 00:00 0 
7f8b14371000-7f8b14372000 r--p 00025000 08:02 6553684                    /lib/x86_64-linux-gnu/ld-2.23.so
7f8b14372000-7f8b14373000 rw-p 00026000 08:02 6553684                    /lib/x86_64-linux-gnu/ld-2.23.so
7f8b14373000-7f8b14374000 rw-p 00000000 00:00 0 
7ffee7a1b000-7ffee7a3c000 rw-p 00000000 00:00 0                          [stack]
7ffee7ac2000-7ffee7ac4000 r--p 00000000 00:00 0                          [vvar]
7ffee7ac4000-7ffee7ac6000 r-xp 00000000 00:00 0                          [vdso]
ffffffffff600000-ffffffffff601000 r-xp 00000000 00:00 0                  [vsyscall]

VM Arguments:
jvm_args: -Xverify:none -da -Xmx512m -Xss1024k -Djruby.base=/home/iriss-geeth/.netbeans/8.1/jruby -Djruby.home=/home/iriss-geeth/.netbeans/8.1/jruby -Djruby.lib=/home/iriss-geeth/.netbeans/8.1/jruby/lib -Djruby.shell=/bin/sh -Djruby.script=jruby 
java_command: org.jruby.Main -S rake -T -D -A
java_class_path (initial): /home/iriss-geeth/.netbeans/8.1/jruby/lib/jruby.jar
Launcher Type: SUN_STANDARD

Environment Variables:
JAVA_HOME=/usr/lib/jvm/java-8-oracle
PATH=/home/iriss-geeth/.netbeans/8.1/jruby/bin:/home/iriss-geeth/bin:/home/iriss-geeth/.local/bin:/usr/local/sbin:/usr/local/bin:/usr/sbin:/usr/bin:/sbin:/bin:/usr/games:/usr/local/games:/snap/bin:/usr/lib/jvm/java-8-oracle/bin:/usr/lib/jvm/java-8-oracle/db/bin:/usr/lib/jvm/java-8-oracle/jre/bin:/home/iriss-geeth/.rvm/bin
LD_LIBRARY_PATH=/usr/lib/jvm/java-8-oracle/bin/../jre/lib/amd64:/usr/lib/jvm/java-8-oracle/bin/../jre/lib/i386:
SHELL=/bin/bash
DISPLAY=:0

Signal Handlers:
SIGSEGV: [libjvm.so+0xacba10], sa_mask[0]=11111111011111111101111111111110, sa_flags=SA_RESTART|SA_SIGINFO
SIGBUS: [libjvm.so+0xacba10], sa_mask[0]=11111111011111111101111111111110, sa_flags=SA_RESTART|SA_SIGINFO
SIGFPE: [libjvm.so+0x924ba0], sa_mask[0]=11111111011111111101111111111110, sa_flags=SA_RESTART|SA_SIGINFO
SIGPIPE: [libjvm.so+0x924ba0], sa_mask[0]=11111111011111111101111111111110, sa_flags=SA_RESTART|SA_SIGINFO
SIGXFSZ: [libjvm.so+0x924ba0], sa_mask[0]=11111111011111111101111111111110, sa_flags=SA_RESTART|SA_SIGINFO
SIGILL: [libjvm.so+0x924ba0], sa_mask[0]=11111111011111111101111111111110, sa_flags=SA_RESTART|SA_SIGINFO
SIGUSR1: SIG_DFL, sa_mask[0]=00000000000000000000000000000000, sa_flags=none
SIGUSR2: [libjvm.so+0x9263e0], sa_mask[0]=00100000000000000000000000000000, sa_flags=SA_RESTART|SA_SIGINFO
SIGHUP: [libjvm.so+0x9277e0], sa_mask[0]=11111111011111111101111111111110, sa_flags=SA_RESTART|SA_SIGINFO
SIGINT: SIG_IGN, sa_mask[0]=00000000000000000000000000000000, sa_flags=none
SIGTERM: [libjvm.so+0x9277e0], sa_mask[0]=11111111011111111101111111111110, sa_flags=SA_RESTART|SA_SIGINFO
SIGQUIT: [libjvm.so+0x9277e0], sa_mask[0]=11111111011111111101111111111110, sa_flags=SA_RESTART|SA_SIGINFO


---------------  S Y S T E M  ---------------

OS:DISTRIB_ID=Ubuntu
DISTRIB_RELEASE=16.04
DISTRIB_CODENAME=xenial
DISTRIB_DESCRIPTION="Ubuntu 16.04.2 LTS"

uname:Linux 4.10.0-37-generic #41~16.04.1-Ubuntu SMP Fri Oct 6 22:42:59 UTC 2017 x86_64
libc:glibc 2.23 NPTL 2.23 
rlimit: STACK 8192k, CORE 0k, NPROC 22297, NOFILE 65536, AS infinity
load average:2.00 1.13 0.97

/proc/meminfo:
MemTotal:        5968780 kB
MemFree:         2683132 kB
MemAvailable:    3577868 kB
Buffers:          117560 kB
Cached:          1286492 kB
SwapCached:            0 kB
Active:          2374896 kB
Inactive:         712004 kB
Active(anon):    1683980 kB
Inactive(anon):   337448 kB
Active(file):     690916 kB
Inactive(file):   374556 kB
Unevictable:          32 kB
Mlocked:              32 kB
SwapTotal:       6150140 kB
SwapFree:        6150140 kB
Dirty:               892 kB
Writeback:             0 kB
AnonPages:       1614036 kB
Mapped:           392500 kB
Shmem:            338584 kB
Slab:             113460 kB
SReclaimable:      81060 kB
SUnreclaim:        32400 kB
KernelStack:        9716 kB
PageTables:        32852 kB
NFS_Unstable:          0 kB
Bounce:                0 kB
WritebackTmp:          0 kB
CommitLimit:     9134528 kB
Committed_AS:    6051332 kB
VmallocTotal:   34359738367 kB
VmallocUsed:           0 kB
VmallocChunk:          0 kB
HardwareCorrupted:     0 kB
AnonHugePages:    788480 kB
ShmemHugePages:        0 kB
ShmemPmdMapped:        0 kB
CmaTotal:              0 kB
CmaFree:               0 kB
HugePages_Total:       0
HugePages_Free:        0
HugePages_Rsvd:        0
HugePages_Surp:        0
Hugepagesize:       2048 kB
DirectMap4k:      109744 kB
DirectMap2M:     6041600 kB
DirectMap1G:     1048576 kB


CPU:total 2 (initial active 2) (2 cores per cpu, 1 threads per core) family 6 model 60 stepping 3, cmov, cx8, fxsr, mmx, sse, sse2, sse3, ssse3, sse4.1, sse4.2, popcnt, clmul, erms, lzcnt, tsc, tscinvbit

/proc/cpuinfo:
processor	: 0
vendor_id	: GenuineIntel
cpu family	: 6
model		: 60
model name	: Intel(R) Pentium(R) CPU G3220 @ 3.00GHz
stepping	: 3
microcode	: 0x12
cpu MHz		: 2999.816
cache size	: 3072 KB
physical id	: 0
siblings	: 2
core id		: 0
cpu cores	: 2
apicid		: 0
initial apicid	: 0
fpu		: yes
fpu_exception	: yes
cpuid level	: 13
wp		: yes
flags		: fpu vme de pse tsc msr pae mce cx8 apic sep mtrr pge mca cmov pat pse36 clflush dts acpi mmx fxsr sse sse2 ss ht tm pbe syscall nx pdpe1gb rdtscp lm constant_tsc arch_perfmon pebs bts rep_good nopl xtopology nonstop_tsc aperfmperf pni pclmulqdq dtes64 monitor ds_cpl vmx est tm2 ssse3 sdbg cx16 xtpr pdcm pcid sse4_1 sse4_2 movbe popcnt tsc_deadline_timer xsave rdrand lahf_lm abm tpr_shadow vnmi flexpriority ept vpid fsgsbase tsc_adjust erms invpcid xsaveopt dtherm arat pln pts
bugs		:
bogomips	: 5986.52
clflush size	: 64
cache_alignment	: 64
address sizes	: 39 bits physical, 48 bits virtual
power management:

processor	: 1
vendor_id	: GenuineIntel
cpu family	: 6
model		: 60
model name	: Intel(R) Pentium(R) CPU G3220 @ 3.00GHz
stepping	: 3
microcode	: 0x12
cpu MHz		: 3000.000
cache size	: 3072 KB
physical id	: 0
siblings	: 2
core id		: 1
cpu cores	: 2
apicid		: 2
initial apicid	: 2
fpu		: yes
fpu_exception	: yes
cpuid level	: 13
wp		: yes
flags		: fpu vme de pse tsc msr pae mce cx8 apic sep mtrr pge mca cmov pat pse36 clflush dts acpi mmx fxsr sse sse2 ss ht tm pbe syscall nx pdpe1gb rdtscp lm constant_tsc arch_perfmon pebs bts rep_good nopl xtopology nonstop_tsc aperfmperf pni pclmulqdq dtes64 monitor ds_cpl vmx est tm2 ssse3 sdbg cx16 xtpr pdcm pcid sse4_1 sse4_2 movbe popcnt tsc_deadline_timer xsave rdrand lahf_lm abm tpr_shadow vnmi flexpriority ept vpid fsgsbase tsc_adjust erms invpcid xsaveopt dtherm arat pln pts
bugs		:
bogomips	: 5986.52
clflush size	: 64
cache_alignment	: 64
address sizes	: 39 bits physical, 48 bits virtual
power management:



Memory: 4k page, physical 5968780k(2683132k free), swap 6150140k(6150140k free)

vm_info: Java HotSpot(TM) 64-Bit Server VM (25.144-b01) for linux-amd64 JRE (1.8.0_144-b01), built on Jul 21 2017 21:57:33 by "java_re" with gcc 4.3.0 20080428 (Red Hat 4.3.0-8)

time: Tue Oct 17 13:25:37 2017
elapsed time: 3 seconds (0d 0h 0m 3s)

