#
# A fatal error has been detected by the Java Runtime Environment:
#
#  SIGSEGV (0xb) at pc=0x00007f321526982f, pid=6476, tid=0x00007f321263e700
#
# JRE version: Java(TM) SE Runtime Environment (8.0_144-b01) (build 1.8.0_144-b01)
# Java VM: Java HotSpot(TM) 64-Bit Server VM (25.144-b01 mixed mode linux-amd64 compressed oops)
# Problematic frame:
# J 598 C1 java.lang.ref.Finalizer.runFinalizer(Lsun/misc/JavaLangAccess;)V (62 bytes) @ 0x00007f321526982f [0x00007f32152694c0+0x36f]
#
# Failed to write core dump. Core dumps have been disabled. To enable core dumping, try "ulimit -c unlimited" before starting Java again
#
# If you would like to submit a bug report, please visit:
#   http://bugreport.java.com/bugreport/crash.jsp
#

---------------  T H R E A D  ---------------

Current thread (0x00007f3224080000):  JavaThread "Finalizer" daemon [_thread_in_Java, id=6482, stack(0x00007f321253e000,0x00007f321263f000)]

siginfo: si_signo: 11 (SIGSEGV), si_code: 1 (SEGV_MAPERR), si_addr: 0x00000003466963e0

Registers:
RAX=0x00000000000001a0, RBX=0x00007f3213bb4568, RCX=0x000000010002b7d8, RDX=0x00000003466963b0
RSP=0x00007f321263d940, RBP=0x00007f321263da48, RSI=0x00000000e02dc1e0, RDI=0x00000000e05ad230
R8 =0x000000010002e190, R9 =0x0000000000000001, R10=0x00000000e02dc1e0, R11=0x00007f3215269100
R12=0x0000000000000000, R13=0x00007f321263d9f8, R14=0x00007f321263da68, R15=0x00007f3224080000
RIP=0x00007f321526982f, EFLAGS=0x0000000000010202, CSGSFS=0x002b000000000033, ERR=0x0000000000000004
  TRAPNO=0x000000000000000e

Top of Stack: (sp=0x00007f321263d940)
0x00007f321263d940:   ffffffffffffffff 0000000000000000
0x00007f321263d950:   00000000e025bc40 00000000e025bc30
0x00007f321263d960:   0000000000000000 0000000000000000
0x00007f321263d970:   00000000e02dc1e0 00000000e025bc78
0x00007f321263d980:   0000000000000011 00000000e02dc1e0
0x00007f321263d990:   00007f321263da68 00007f3224080000
0x00007f321263d9a0:   00007f321263da48 00007f321526915c
0x00007f321263d9b0:   ffffffffffffffff 00007f3213427988
0x00007f321263d9c0:   ffffffffffffffff 00007f32134278f0
0x00007f321263d9d0:   00007f3213bb4120 00007f32134df7b0
0x00007f321263d9e0:   00007f321263da48 00007f32150082bd
0x00007f321263d9f0:   00007f32150082bd 00000000e025bc78
0x00007f321263da00:   00000000e02dc1e0 00007f321263da08
0x00007f321263da10:   00007f32134f4c85 00007f321263da68
0x00007f321263da20:   00007f32134f4d28 0000000000000000
0x00007f321263da30:   00007f32134f4cb8 00007f321263d9f8
0x00007f321263da40:   00007f321263da68 00007f321263dad0
0x00007f321263da50:   00007f32150007a7 00000000e02dc1e0
0x00007f321263da60:   00000000e025bc78 00000000e0939f48
0x00007f321263da70:   00007f3200001fa0 00007f32240809b0
0x00007f321263da80:   00007f3224080000 00007f321263db50
0x00007f321263da90:   00007f3224080000 00007f321263db10
0x00007f321263daa0:   00007f321263db10 00007f321263de08
0x00007f321263dab0:   00007f320000000a 00007f32134f4cb8
0x00007f321263dac0:   00007f3215012c80 00007f321263dd38
0x00007f321263dad0:   00007f321263dc40 00007f3229ea6e96
0x00007f321263dae0:   00007f3200000001 00007f3224080000
0x00007f321263daf0:   00007f321263dd30 00007f321263de00
0x00007f321263db00:   00007f3215012c80 00007f320000000a
0x00007f321263db10:   00007f3224080000 00007f32000008f0
0x00007f321263db20:   00007f32134f4cb8 00000000e0939f48
0x00007f321263db30:   0000000000000000 0000000000000000 

Instructions: (pc=0x00007f321526982f)
0x00007f321526980f:   81 8a a8 01 00 00 00 01 00 00 e9 c1 00 00 00 48
0x00007f321526981f:   b9 d8 b7 02 00 01 00 00 00 8b 57 08 48 c1 e2 03
0x00007f321526982f:   48 3b 4a 30 0f 85 8a 00 00 00 48 ba 68 45 bb 13
0x00007f321526983f:   32 7f 00 00 8b 4f 08 48 c1 e1 03 48 3b 8a b8 01 

Register to memory mapping:

RAX=0x00000000000001a0 is an unknown value
RBX=0x00007f3213bb4568 is pointing into metadata
RCX=0x000000010002b7d8 is pointing into metadata
RDX=0x00000003466963b0 is an unknown value
RSP=0x00007f321263d940 is pointing into the stack for thread: 0x00007f3224080000
RBP=0x00007f321263da48 is pointing into the stack for thread: 0x00007f3224080000
RSI=0x00000000e02dc1e0 is an oop
java.lang.ref.Finalizer 
 - klass: 'java/lang/ref/Finalizer'
RDI=0x00000000e05ad230 is pointing into object: 0x00000000e05ad0a8
[B 
 - klass: {type array byte}
 - length: 1473
R8 =0x000000010002e190 is pointing into metadata
R9 =0x0000000000000001 is an unknown value
R10=0x00000000e02dc1e0 is an oop
java.lang.ref.Finalizer 
 - klass: 'java/lang/ref/Finalizer'
R11=0x00007f3215269100 is at entry_point+0 in (nmethod*)0x00007f3215268f90
R12=0x0000000000000000 is an unknown value
R13=0x00007f321263d9f8 is pointing into the stack for thread: 0x00007f3224080000
R14=0x00007f321263da68 is pointing into the stack for thread: 0x00007f3224080000
R15=0x00007f3224080000 is a thread


Stack: [0x00007f321253e000,0x00007f321263f000],  sp=0x00007f321263d940,  free space=1022k
Native frames: (J=compiled Java code, j=interpreted, Vv=VM code, C=native code)
J 598 C1 java.lang.ref.Finalizer.runFinalizer(Lsun/misc/JavaLangAccess;)V (62 bytes) @ 0x00007f321526982f [0x00007f32152694c0+0x36f]
J 597 C1 java.lang.ref.Finalizer.access$100(Ljava/lang/ref/Finalizer;Lsun/misc/JavaLangAccess;)V (6 bytes) @ 0x00007f321526915c [0x00007f3215269100+0x5c]
j  java.lang.ref.Finalizer$FinalizerThread.run()V+45
v  ~StubRoutines::call_stub
V  [libjvm.so+0x693e96]  JavaCalls::call_helper(JavaValue*, methodHandle*, JavaCallArguments*, Thread*)+0x1056
V  [libjvm.so+0x6943a1]  JavaCalls::call_virtual(JavaValue*, KlassHandle, Symbol*, Symbol*, JavaCallArguments*, Thread*)+0x321
V  [libjvm.so+0x694847]  JavaCalls::call_virtual(JavaValue*, Handle, KlassHandle, Symbol*, Symbol*, Thread*)+0x47
V  [libjvm.so+0x72fbd0]  thread_entry(JavaThread*, Thread*)+0xa0
V  [libjvm.so+0xa79753]  JavaThread::thread_main_inner()+0x103
V  [libjvm.so+0xa7989c]  JavaThread::run()+0x11c
V  [libjvm.so+0x92a338]  java_start(Thread*)+0x108
C  [libpthread.so.0+0x76ba]  start_thread+0xca


---------------  P R O C E S S  ---------------

Java Threads: ( => current thread )
  0x00007f32240ba000 JavaThread "Service Thread" daemon [_thread_blocked, id=6487, stack(0x00007f3211e62000,0x00007f3211f63000)]
  0x00007f32240b7000 JavaThread "C1 CompilerThread1" daemon [_thread_blocked, id=6486, stack(0x00007f3211f63000,0x00007f3212064000)]
  0x00007f32240b4000 JavaThread "C2 CompilerThread0" daemon [_thread_in_native, id=6485, stack(0x00007f3212064000,0x00007f3212165000)]
  0x00007f32240b2800 JavaThread "Signal Dispatcher" daemon [_thread_blocked, id=6484, stack(0x00007f3212165000,0x00007f3212266000)]
=>0x00007f3224080000 JavaThread "Finalizer" daemon [_thread_in_Java, id=6482, stack(0x00007f321253e000,0x00007f321263f000)]
  0x00007f322407b800 JavaThread "Reference Handler" daemon [_thread_blocked, id=6481, stack(0x00007f321263f000,0x00007f3212740000)]
  0x00007f322400a000 JavaThread "main" [_thread_in_Java, id=6477, stack(0x00007f322b311000,0x00007f322b412000)]

Other Threads:
  0x00007f3224073800 VMThread [stack: 0x00007f3212740000,0x00007f3212841000] [id=6480]
  0x00007f32240bd000 WatcherThread [stack: 0x00007f3211d61000,0x00007f3211e62000] [id=6488]

VM state:not at safepoint (normal execution)

VM Mutex/Monitor currently owned by a thread: None

Heap:
 PSYoungGen      total 51712K, used 954K [0x00000000f5580000, 0x00000000f8b80000, 0x0000000100000000)
  eden space 48128K, 1% used [0x00000000f5580000,0x00000000f566e950,0x00000000f8480000)
  from space 3584K, 0% used [0x00000000f8800000,0x00000000f8800000,0x00000000f8b80000)
  to   space 3584K, 0% used [0x00000000f8480000,0x00000000f8480000,0x00000000f8800000)
 ParOldGen       total 53760K, used 10985K [0x00000000e0000000, 0x00000000e3480000, 0x00000000f5580000)
  object space 53760K, 20% used [0x00000000e0000000,0x00000000e0aba5f8,0x00000000e3480000)
 Metaspace       used 21053K, capacity 21288K, committed 21552K, reserved 1067008K
  class space    used 3704K, capacity 3803K, committed 3840K, reserved 1048576K

Card table byte_map: [0x00007f3214eff000,0x00007f3215000000] byte_map_base: 0x00007f32147ff000

Marking Bits: (ParMarkBitMap*) 0x00007f322a7dcdc0
 Begin Bits: [0x00007f3213cfd000, 0x00007f32144fd000)
 End Bits:   [0x00007f32144fd000, 0x00007f3214cfd000)

Polling page: 0x00007f322b42d000

CodeCache: size=245760Kb used=5708Kb max_used=5708Kb free=240051Kb
 bounds [0x00007f3215000000, 0x00007f32155a0000, 0x00007f3224000000]
 total_blobs=2257 nmethods=1833 adapters=337
 compilation: enabled

Compilation events (10 events):
Event: 6.016 Thread 0x00007f32240b7000 1838       2       java.lang.invoke.InvokerBytecodeGenerator::emitStoreResult (27 bytes)
Event: 6.017 Thread 0x00007f32240b7000 nmethod 1838 0x00007f32155911d0 code [0x00007f3215591340, 0x00007f3215591538]
Event: 6.017 Thread 0x00007f32240b7000 1839       2       java.lang.invoke.LambdaForm$NamedFunction::intrinsicName (21 bytes)
Event: 6.017 Thread 0x00007f32240b7000 nmethod 1839 0x00007f3215591690 code [0x00007f3215591800, 0x00007f3215591988]
Event: 6.168 Thread 0x00007f32240b7000 1842       2       java.lang.invoke.InvokerBytecodeGenerator::isStaticallyInvocable (169 bytes)
Event: 6.170 Thread 0x00007f32240b7000 nmethod 1842 0x00007f3215592310 code [0x00007f32155925e0, 0x00007f3215593098]
Event: 6.170 Thread 0x00007f32240b7000 1843       2       java.lang.invoke.MethodTypeForm::unpack (30 bytes)
Event: 6.170 Thread 0x00007f32240b7000 nmethod 1843 0x00007f3215593d50 code [0x00007f3215593ea0, 0x00007f3215593ff0]
Event: 6.170 Thread 0x00007f32240b7000 1841       2       java.lang.invoke.LambdaForm$NamedFunction::member (26 bytes)
Event: 6.170 Thread 0x00007f32240b7000 nmethod 1841 0x00007f3215594050 code [0x00007f32155941a0, 0x00007f32155942f0]

GC Heap History (10 events):
Event: 2.280 GC heap before
{Heap before GC invocations=1 (full 0):
 PSYoungGen      total 27648K, used 24064K [0x00000000f5580000, 0x00000000f7400000, 0x0000000100000000)
  eden space 24064K, 100% used [0x00000000f5580000,0x00000000f6d00000,0x00000000f6d00000)
  from space 3584K, 0% used [0x00000000f7080000,0x00000000f7080000,0x00000000f7400000)
  to   space 3584K, 0% used [0x00000000f6d00000,0x00000000f6d00000,0x00000000f7080000)
 ParOldGen       total 62976K, used 0K [0x00000000e0000000, 0x00000000e3d80000, 0x00000000f5580000)
  object space 62976K, 0% used [0x00000000e0000000,0x00000000e0000000,0x00000000e3d80000)
 Metaspace       used 9505K, capacity 9638K, committed 9856K, reserved 1058816K
  class space    used 1331K, capacity 1403K, committed 1408K, reserved 1048576K
Event: 2.289 GC heap after
Heap after GC invocations=1 (full 0):
 PSYoungGen      total 27648K, used 3556K [0x00000000f5580000, 0x00000000f7400000, 0x0000000100000000)
  eden space 24064K, 0% used [0x00000000f5580000,0x00000000f5580000,0x00000000f6d00000)
  from space 3584K, 99% used [0x00000000f6d00000,0x00000000f7079158,0x00000000f7080000)
  to   space 3584K, 0% used [0x00000000f7080000,0x00000000f7080000,0x00000000f7400000)
 ParOldGen       total 62976K, used 1475K [0x00000000e0000000, 0x00000000e3d80000, 0x00000000f5580000)
  object space 62976K, 2% used [0x00000000e0000000,0x00000000e0170ec8,0x00000000e3d80000)
 Metaspace       used 9505K, capacity 9638K, committed 9856K, reserved 1058816K
  class space    used 1331K, capacity 1403K, committed 1408K, reserved 1048576K
}
Event: 3.436 GC heap before
{Heap before GC invocations=2 (full 0):
 PSYoungGen      total 27648K, used 27620K [0x00000000f5580000, 0x00000000f7400000, 0x0000000100000000)
  eden space 24064K, 100% used [0x00000000f5580000,0x00000000f6d00000,0x00000000f6d00000)
  from space 3584K, 99% used [0x00000000f6d00000,0x00000000f7079158,0x00000000f7080000)
  to   space 3584K, 0% used [0x00000000f7080000,0x00000000f7080000,0x00000000f7400000)
 ParOldGen       total 62976K, used 1475K [0x00000000e0000000, 0x00000000e3d80000, 0x00000000f5580000)
  object space 62976K, 2% used [0x00000000e0000000,0x00000000e0170ec8,0x00000000e3d80000)
 Metaspace       used 15852K, capacity 16012K, committed 16128K, reserved 1062912K
  class space    used 2943K, capacity 3036K, committed 3072K, reserved 1048576K
Event: 3.463 GC heap after
Heap after GC invocations=2 (full 0):
 PSYoungGen      total 27648K, used 3579K [0x00000000f5580000, 0x00000000f8b80000, 0x0000000100000000)
  eden space 24064K, 0% used [0x00000000f5580000,0x00000000f5580000,0x00000000f6d00000)
  from space 3584K, 99% used [0x00000000f7080000,0x00000000f73fef28,0x00000000f7400000)
  to   space 3584K, 0% used [0x00000000f6d00000,0x00000000f6d00000,0x00000000f7080000)
 ParOldGen       total 62976K, used 6408K [0x00000000e0000000, 0x00000000e3d80000, 0x00000000f5580000)
  object space 62976K, 10% used [0x00000000e0000000,0x00000000e06421e0,0x00000000e3d80000)
 Metaspace       used 15852K, capacity 16012K, committed 16128K, reserved 1062912K
  class space    used 2943K, capacity 3036K, committed 3072K, reserved 1048576K
}
Event: 5.869 GC heap before
{Heap before GC invocations=3 (full 0):
 PSYoungGen      total 27648K, used 27643K [0x00000000f5580000, 0x00000000f8b80000, 0x0000000100000000)
  eden space 24064K, 100% used [0x00000000f5580000,0x00000000f6d00000,0x00000000f6d00000)
  from space 3584K, 99% used [0x00000000f7080000,0x00000000f73fef28,0x00000000f7400000)
  to   space 3584K, 0% used [0x00000000f6d00000,0x00000000f6d00000,0x00000000f7080000)
 ParOldGen       total 62976K, used 6408K [0x00000000e0000000, 0x00000000e3d80000, 0x00000000f5580000)
  object space 62976K, 10% used [0x00000000e0000000,0x00000000e06421e0,0x00000000e3d80000)
 Metaspace       used 20363K, capacity 20578K, committed 20736K, reserved 1067008K
  class space    used 3640K, capacity 3725K, committed 3840K, reserved 1048576K
Event: 5.901 GC heap after
Heap after GC invocations=3 (full 0):
 PSYoungGen      total 27648K, used 3572K [0x00000000f5580000, 0x00000000f8b80000, 0x0000000100000000)
  eden space 24064K, 0% used [0x00000000f5580000,0x00000000f5580000,0x00000000f6d00000)
  from space 3584K, 99% used [0x00000000f6d00000,0x00000000f707d050,0x00000000f7080000)
  to   space 3584K, 0% used [0x00000000f8800000,0x00000000f8800000,0x00000000f8b80000)
 ParOldGen       total 62976K, used 13254K [0x00000000e0000000, 0x00000000e3d80000, 0x00000000f5580000)
  object space 62976K, 21% used [0x00000000e0000000,0x00000000e0cf1858,0x00000000e3d80000)
 Metaspace       used 20363K, capacity 20578K, committed 20736K, reserved 1067008K
  class space    used 3640K, capacity 3725K, committed 3840K, reserved 1048576K
}
Event: 6.018 GC heap before
{Heap before GC invocations=4 (full 0):
 PSYoungGen      total 27648K, used 6583K [0x00000000f5580000, 0x00000000f8b80000, 0x0000000100000000)
  eden space 24064K, 12% used [0x00000000f5580000,0x00000000f5870d88,0x00000000f6d00000)
  from space 3584K, 99% used [0x00000000f6d00000,0x00000000f707d050,0x00000000f7080000)
  to   space 3584K, 0% used [0x00000000f8800000,0x00000000f8800000,0x00000000f8b80000)
 ParOldGen       total 62976K, used 13254K [0x00000000e0000000, 0x00000000e3d80000, 0x00000000f5580000)
  object space 62976K, 21% used [0x00000000e0000000,0x00000000e0cf1858,0x00000000e3d80000)
 Metaspace       used 21028K, capacity 21198K, committed 21296K, reserved 1067008K
  class space    used 3696K, capacity 3790K, committed 3840K, reserved 1048576K
Event: 6.031 GC heap after
Heap after GC invocations=4 (full 0):
 PSYoungGen      total 51712K, used 3572K [0x00000000f5580000, 0x00000000f8b80000, 0x0000000100000000)
  eden space 48128K, 0% used [0x00000000f5580000,0x00000000f5580000,0x00000000f8480000)
  from space 3584K, 99% used [0x00000000f8800000,0x00000000f8b7d050,0x00000000f8b80000)
  to   space 3584K, 0% used [0x00000000f8480000,0x00000000f8480000,0x00000000f8800000)
 ParOldGen       total 62976K, used 13820K [0x00000000e0000000, 0x00000000e3d80000, 0x00000000f5580000)
  object space 62976K, 21% used [0x00000000e0000000,0x00000000e0d7f0f0,0x00000000e3d80000)
 Metaspace       used 21028K, capacity 21198K, committed 21296K, reserved 1067008K
  class space    used 3696K, capacity 3790K, committed 3840K, reserved 1048576K
}
Event: 6.031 GC heap before
{Heap before GC invocations=5 (full 1):
 PSYoungGen      total 51712K, used 3572K [0x00000000f5580000, 0x00000000f8b80000, 0x0000000100000000)
  eden space 48128K, 0% used [0x00000000f5580000,0x00000000f5580000,0x00000000f8480000)
  from space 3584K, 99% used [0x00000000f8800000,0x00000000f8b7d050,0x00000000f8b80000)
  to   space 3584K, 0% used [0x00000000f8480000,0x00000000f8480000,0x00000000f8800000)
 ParOldGen       total 62976K, used 13820K [0x00000000e0000000, 0x00000000e3d80000, 0x00000000f5580000)
  object space 62976K, 21% used [0x00000000e0000000,0x00000000e0d7f0f0,0x00000000e3d80000)
 Metaspace       used 21028K, capacity 21198K, committed 21296K, reserved 1067008K
  class space    used 3696K, capacity 3790K, committed 3840K, reserved 1048576K
Event: 6.166 GC heap after
Heap after GC invocations=5 (full 1):
 PSYoungGen      total 51712K, used 0K [0x00000000f5580000, 0x00000000f8b80000, 0x0000000100000000)
  eden space 48128K, 0% used [0x00000000f5580000,0x00000000f5580000,0x00000000f8480000)
  from space 3584K, 0% used [0x00000000f8800000,0x00000000f8800000,0x00000000f8b80000)
  to   space 3584K, 0% used [0x00000000f8480000,0x00000000f8480000,0x00000000f8800000)
 ParOldGen       total 53760K, used 10985K [0x00000000e0000000, 0x00000000e3480000, 0x00000000f5580000)
  object space 53760K, 20% used [0x00000000e0000000,0x00000000e0aba5f8,0x00000000e3480000)
 Metaspace       used 21028K, capacity 21198K, committed 21296K, reserved 1067008K
  class space    used 3696K, capacity 3790K, committed 3840K, reserved 1048576K
}

Deoptimization events (10 events):
Event: 3.332 Thread 0x00007f322400a000 Uncommon trap: reason=unstable_if action=reinterpret pc=0x00007f32152408e4 method=java.util.zip.InflaterInputStream.read([BII)I @ 69
Event: 3.929 Thread 0x00007f322400a000 Uncommon trap: reason=unstable_if action=reinterpret pc=0x00007f32152e4714 method=java.lang.ref.SoftReference.get()Ljava/lang/Object; @ 6
Event: 4.083 Thread 0x00007f322400a000 Uncommon trap: reason=unstable_if action=reinterpret pc=0x00007f32153125fc method=java.lang.ClassLoader.getClassLoadingLock(Ljava/lang/String;)Ljava/lang/Object; @ 6
Event: 4.170 Thread 0x00007f322400a000 Uncommon trap: reason=unstable_if action=reinterpret pc=0x00007f321515ef68 method=java.lang.String.startsWith(Ljava/lang/String;I)Z @ 25
Event: 4.467 Thread 0x00007f322400a000 Uncommon trap: reason=unstable_if action=reinterpret pc=0x00007f3215397f18 method=java.util.WeakHashMap.remove(Ljava/lang/Object;)Ljava/lang/Object; @ 94
Event: 5.433 Thread 0x00007f322400a000 Uncommon trap: reason=unstable_if action=reinterpret pc=0x00007f32153bc460 method=java.io.UnixFileSystem.normalize(Ljava/lang/String;)Ljava/lang/String; @ 60
Event: 5.732 Thread 0x00007f322400a000 Uncommon trap: reason=class_check action=maybe_recompile pc=0x00007f32152870ac method=java.util.concurrent.ConcurrentHashMap.putVal(Ljava/lang/Object;Ljava/lang/Object;Z)Ljava/lang/Object; @ 192
Event: 5.780 Thread 0x00007f322400a000 Uncommon trap: reason=class_check action=maybe_recompile pc=0x00007f32151a7b24 method=java.lang.String.equals(Ljava/lang/Object;)Z @ 8
Event: 6.168 Thread 0x00007f322400a000 Uncommon trap: reason=unstable_if action=reinterpret pc=0x00007f321540d260 method=java.util.concurrent.ConcurrentHashMap.get(Ljava/lang/Object;)Ljava/lang/Object; @ 76
Event: 6.170 Thread 0x00007f322400a000 Uncommon trap: reason=class_check action=maybe_recompile pc=0x00007f32152870ac method=java.util.concurrent.ConcurrentHashMap.putVal(Ljava/lang/Object;Ljava/lang/Object;Z)Ljava/lang/Object; @ 192

Internal exceptions (10 events):
Event: 0.104 Thread 0x00007f322400a000 Exception <a 'java/lang/NoSuchMethodError': Method sun.misc.Unsafe.defineClass(Ljava/lang/String;[BII)Ljava/lang/Class; name or signature does not match> (0x00000000f5587ca8) thrown at [/HUDSON3/workspace/8-2-build-linux-amd64/jdk8u144/9417/hotspot/src/sh
Event: 0.104 Thread 0x00007f322400a000 Exception <a 'java/lang/NoSuchMethodError': Method sun.misc.Unsafe.prefetchRead(Ljava/lang/Object;J)V name or signature does not match> (0x00000000f5587f90) thrown at [/HUDSON3/workspace/8-2-build-linux-amd64/jdk8u144/9417/hotspot/src/share/vm/prims/jni.c
Event: 0.436 Thread 0x00007f322400a000 Exception <a 'java/security/PrivilegedActionException'> (0x00000000f5de6798) thrown at [/HUDSON3/workspace/8-2-build-linux-amd64/jdk8u144/9417/hotspot/src/share/vm/prims/jvm.cpp, line 1390]
Event: 0.436 Thread 0x00007f322400a000 Exception <a 'java/security/PrivilegedActionException'> (0x00000000f5de6b90) thrown at [/HUDSON3/workspace/8-2-build-linux-amd64/jdk8u144/9417/hotspot/src/share/vm/prims/jvm.cpp, line 1390]
Event: 0.438 Thread 0x00007f322400a000 Exception <a 'java/security/PrivilegedActionException'> (0x00000000f5de91e0) thrown at [/HUDSON3/workspace/8-2-build-linux-amd64/jdk8u144/9417/hotspot/src/share/vm/prims/jvm.cpp, line 1390]
Event: 0.438 Thread 0x00007f322400a000 Exception <a 'java/security/PrivilegedActionException'> (0x00000000f5de95d8) thrown at [/HUDSON3/workspace/8-2-build-linux-amd64/jdk8u144/9417/hotspot/src/share/vm/prims/jvm.cpp, line 1390]
Event: 0.639 Thread 0x00007f322400a000 Exception <a 'java/lang/ArrayIndexOutOfBoundsException'> (0x00000000f5f12790) thrown at [/HUDSON3/workspace/8-2-build-linux-amd64/jdk8u144/9417/hotspot/src/share/vm/oops/objArrayKlass.cpp, line 306]
Event: 1.013 Thread 0x00007f322400a000 Exception <a 'java/lang/NoSuchFieldError': method resolution failed> (0x00000000f617d240) thrown at [/HUDSON3/workspace/8-2-build-linux-amd64/jdk8u144/9417/hotspot/src/share/vm/prims/methodHandles.cpp, line 1146]
Event: 1.030 Thread 0x00007f322400a000 Exception <a 'java/lang/NoSuchFieldError': method resolution failed> (0x00000000f618a640) thrown at [/HUDSON3/workspace/8-2-build-linux-amd64/jdk8u144/9417/hotspot/src/share/vm/prims/methodHandles.cpp, line 1146]
Event: 3.086 Thread 0x00007f322400a000 Exception <a 'java/io/FileNotFoundException'> (0x00000000f664bc68) thrown at [/HUDSON3/workspace/8-2-build-linux-amd64/jdk8u144/9417/hotspot/src/share/vm/prims/jni.cpp, line 709]

Events (10 events):
Event: 6.018 Executing VM operation: CollectForMetadataAllocation
Event: 6.166 Executing VM operation: CollectForMetadataAllocation done
Event: 6.168 Thread 0x00007f322400a000 Uncommon trap: trap_request=0xffffff65 fr.pc=0x00007f321540d260
Event: 6.168 Thread 0x00007f322400a000 DEOPT PACKING pc=0x00007f321540d260 sp=0x00007f322b40ec70
Event: 6.168 Thread 0x00007f322400a000 DEOPT UNPACKING pc=0x00007f3215005229 sp=0x00007f322b40ec00 mode 2
Event: 6.168 Thread 0x00007f322400a000 Uncommon trap: trap_request=0xffffffde fr.pc=0x00007f32152870ac
Event: 6.170 Executing VM operation: RevokeBias
Event: 6.170 Executing VM operation: RevokeBias done
Event: 6.170 Thread 0x00007f322400a000 DEOPT PACKING pc=0x00007f32152870ac sp=0x00007f322b40ebd0
Event: 6.170 Thread 0x00007f322400a000 DEOPT UNPACKING pc=0x00007f3215005229 sp=0x00007f322b40eb58 mode 2


Dynamic libraries:
00400000-00401000 r-xp 00000000 08:02 6831999                            /usr/lib/jvm/java-8-oracle/jre/bin/java
00600000-00601000 rw-p 00000000 08:02 6831999                            /usr/lib/jvm/java-8-oracle/jre/bin/java
021a7000-021c8000 rw-p 00000000 00:00 0                                  [heap]
e0000000-e3480000 rw-p 00000000 00:00 0 
e3480000-f5580000 ---p 00000000 00:00 0 
f5580000-f8b80000 rw-p 00000000 00:00 0 
f8b80000-100000000 ---p 00000000 00:00 0 
100000000-1003c0000 rw-p 00000000 00:00 0 
1003c0000-140000000 ---p 00000000 00:00 0 
7f31e4000000-7f31e4021000 rw-p 00000000 00:00 0 
7f31e4021000-7f31e8000000 ---p 00000000 00:00 0 
7f31ec000000-7f31ed019000 rw-p 00000000 00:00 0 
7f31ed019000-7f31f0000000 ---p 00000000 00:00 0 
7f31f0000000-7f31f0021000 rw-p 00000000 00:00 0 
7f31f0021000-7f31f4000000 ---p 00000000 00:00 0 
7f31f4000000-7f31f4021000 rw-p 00000000 00:00 0 
7f31f4021000-7f31f8000000 ---p 00000000 00:00 0 
7f31f8000000-7f31f8cae000 rw-p 00000000 00:00 0 
7f31f8cae000-7f31fc000000 ---p 00000000 00:00 0 
7f31fc000000-7f31fc021000 rw-p 00000000 00:00 0 
7f31fc021000-7f3200000000 ---p 00000000 00:00 0 
7f3200000000-7f320029b000 rw-p 00000000 00:00 0 
7f320029b000-7f3204000000 ---p 00000000 00:00 0 
7f3204000000-7f3204021000 rw-p 00000000 00:00 0 
7f3204021000-7f3208000000 ---p 00000000 00:00 0 
7f3208000000-7f3208043000 rw-p 00000000 00:00 0 
7f3208043000-7f320c000000 ---p 00000000 00:00 0 
7f320c000000-7f320c021000 rw-p 00000000 00:00 0 
7f320c021000-7f3210000000 ---p 00000000 00:00 0 
7f3210923000-7f3210c7a000 rw-p 00000000 00:00 0 
7f3210c7a000-7f3210d2e000 ---p 00000000 00:00 0 
7f3210d2e000-7f3210d3f000 r-xp 00000000 08:02 6831746                    /usr/lib/jvm/java-8-oracle/jre/lib/amd64/libnio.so
7f3210d3f000-7f3210f3e000 ---p 00011000 08:02 6831746                    /usr/lib/jvm/java-8-oracle/jre/lib/amd64/libnio.so
7f3210f3e000-7f3210f3f000 rw-p 00010000 08:02 6831746                    /usr/lib/jvm/java-8-oracle/jre/lib/amd64/libnio.so
7f3210f3f000-7f3211240000 rw-p 00000000 00:00 0 
7f3211240000-7f3211256000 r-xp 00000000 08:02 6831721                    /usr/lib/jvm/java-8-oracle/jre/lib/amd64/libnet.so
7f3211256000-7f3211456000 ---p 00016000 08:02 6831721                    /usr/lib/jvm/java-8-oracle/jre/lib/amd64/libnet.so
7f3211456000-7f3211457000 rw-p 00016000 08:02 6831721                    /usr/lib/jvm/java-8-oracle/jre/lib/amd64/libnet.so
7f3211457000-7f3211657000 rw-p 00000000 00:00 0 
7f3211657000-7f3211857000 rw-p 00000000 00:00 0 
7f3211857000-7f3211a57000 rw-p 00000000 00:00 0 
7f3211a57000-7f3211c57000 rw-p 00000000 00:00 0 
7f3211c57000-7f3211c7f000 rw-p 00000000 00:00 0 
7f3211c7f000-7f3211d61000 r--s 00b1c000 08:02 4983655                    /home/iriss-geeth/.netbeans/8.1/jruby/lib/jruby.jar
7f3211d61000-7f3211d62000 ---p 00000000 00:00 0 
7f3211d62000-7f3211e62000 rw-p 00000000 00:00 0 
7f3211e62000-7f3211e65000 ---p 00000000 00:00 0 
7f3211e65000-7f3211f63000 rw-p 00000000 00:00 0 
7f3211f63000-7f3211f66000 ---p 00000000 00:00 0 
7f3211f66000-7f3212064000 rw-p 00000000 00:00 0 
7f3212064000-7f3212067000 ---p 00000000 00:00 0 
7f3212067000-7f3212165000 rw-p 00000000 00:00 0 
7f3212165000-7f3212168000 ---p 00000000 00:00 0 
7f3212168000-7f3212266000 rw-p 00000000 00:00 0 
7f3212266000-7f321253e000 r--p 00000000 08:02 6817712                    /usr/lib/locale/locale-archive
7f321253e000-7f3212541000 ---p 00000000 00:00 0 
7f3212541000-7f321263f000 rw-p 00000000 00:00 0 
7f321263f000-7f3212642000 ---p 00000000 00:00 0 
7f3212642000-7f3212740000 rw-p 00000000 00:00 0 
7f3212740000-7f3212741000 ---p 00000000 00:00 0 
7f3212741000-7f32131ad000 rw-p 00000000 00:00 0 
7f32131ad000-7f3213387000 r--s 03d4d000 08:02 6831713                    /usr/lib/jvm/java-8-oracle/jre/lib/rt.jar
7f3213387000-7f3214cfd000 rw-p 00000000 00:00 0 
7f3214cfd000-7f3214cfe000 ---p 00000000 00:00 0 
7f3214cfe000-7f3214dfe000 rw-p 00000000 00:00 0 
7f3214dfe000-7f3214dff000 ---p 00000000 00:00 0 
7f3214dff000-7f3214f1a000 rw-p 00000000 00:00 0 
7f3214f1a000-7f3214fa9000 ---p 00000000 00:00 0 
7f3214fa9000-7f3214fc5000 rw-p 00000000 00:00 0 
7f3214fc5000-7f3214fff000 ---p 00000000 00:00 0 
7f3214fff000-7f3215000000 rw-p 00000000 00:00 0 
7f3215000000-7f32155a0000 rwxp 00000000 00:00 0 
7f32155a0000-7f3224000000 ---p 00000000 00:00 0 
7f3224000000-7f322473d000 rw-p 00000000 00:00 0 
7f322473d000-7f3228000000 ---p 00000000 00:00 0 
7f3228002000-7f32280c3000 rw-p 00000000 00:00 0 
7f32280c3000-7f322846c000 ---p 00000000 00:00 0 
7f322846c000-7f3228486000 r-xp 00000000 08:02 6831744                    /usr/lib/jvm/java-8-oracle/jre/lib/amd64/libzip.so
7f3228486000-7f3228686000 ---p 0001a000 08:02 6831744                    /usr/lib/jvm/java-8-oracle/jre/lib/amd64/libzip.so
7f3228686000-7f3228687000 rw-p 0001a000 08:02 6831744                    /usr/lib/jvm/java-8-oracle/jre/lib/amd64/libzip.so
7f3228687000-7f3228692000 r-xp 00000000 08:02 6553687                    /lib/x86_64-linux-gnu/libnss_files-2.23.so
7f3228692000-7f3228891000 ---p 0000b000 08:02 6553687                    /lib/x86_64-linux-gnu/libnss_files-2.23.so
7f3228891000-7f3228892000 r--p 0000a000 08:02 6553687                    /lib/x86_64-linux-gnu/libnss_files-2.23.so
7f3228892000-7f3228893000 rw-p 0000b000 08:02 6553687                    /lib/x86_64-linux-gnu/libnss_files-2.23.so
7f3228893000-7f3228899000 rw-p 00000000 00:00 0 
7f3228899000-7f32288a4000 r-xp 00000000 08:02 6553690                    /lib/x86_64-linux-gnu/libnss_nis-2.23.so
7f32288a4000-7f3228aa3000 ---p 0000b000 08:02 6553690                    /lib/x86_64-linux-gnu/libnss_nis-2.23.so
7f3228aa3000-7f3228aa4000 r--p 0000a000 08:02 6553690                    /lib/x86_64-linux-gnu/libnss_nis-2.23.so
7f3228aa4000-7f3228aa5000 rw-p 0000b000 08:02 6553690                    /lib/x86_64-linux-gnu/libnss_nis-2.23.so
7f3228aa5000-7f3228abb000 r-xp 00000000 08:02 6553683                    /lib/x86_64-linux-gnu/libnsl-2.23.so
7f3228abb000-7f3228cba000 ---p 00016000 08:02 6553683                    /lib/x86_64-linux-gnu/libnsl-2.23.so
7f3228cba000-7f3228cbb000 r--p 00015000 08:02 6553683                    /lib/x86_64-linux-gnu/libnsl-2.23.so
7f3228cbb000-7f3228cbc000 rw-p 00016000 08:02 6553683                    /lib/x86_64-linux-gnu/libnsl-2.23.so
7f3228cbc000-7f3228cbe000 rw-p 00000000 00:00 0 
7f3228cbe000-7f3228cc6000 r-xp 00000000 08:02 6553696                    /lib/x86_64-linux-gnu/libnss_compat-2.23.so
7f3228cc6000-7f3228ec5000 ---p 00008000 08:02 6553696                    /lib/x86_64-linux-gnu/libnss_compat-2.23.so
7f3228ec5000-7f3228ec6000 r--p 00007000 08:02 6553696                    /lib/x86_64-linux-gnu/libnss_compat-2.23.so
7f3228ec6000-7f3228ec7000 rw-p 00008000 08:02 6553696                    /lib/x86_64-linux-gnu/libnss_compat-2.23.so
7f3228ec7000-7f3228ef2000 r-xp 00000000 08:02 6831769                    /usr/lib/jvm/java-8-oracle/jre/lib/amd64/libjava.so
7f3228ef2000-7f32290f1000 ---p 0002b000 08:02 6831769                    /usr/lib/jvm/java-8-oracle/jre/lib/amd64/libjava.so
7f32290f1000-7f32290f3000 rw-p 0002a000 08:02 6831769                    /usr/lib/jvm/java-8-oracle/jre/lib/amd64/libjava.so
7f32290f3000-7f3229100000 r-xp 00000000 08:02 6831722                    /usr/lib/jvm/java-8-oracle/jre/lib/amd64/libverify.so
7f3229100000-7f3229300000 ---p 0000d000 08:02 6831722                    /usr/lib/jvm/java-8-oracle/jre/lib/amd64/libverify.so
7f3229300000-7f3229302000 rw-p 0000d000 08:02 6831722                    /usr/lib/jvm/java-8-oracle/jre/lib/amd64/libverify.so
7f3229302000-7f3229309000 r-xp 00000000 08:02 6553692                    /lib/x86_64-linux-gnu/librt-2.23.so
7f3229309000-7f3229508000 ---p 00007000 08:02 6553692                    /lib/x86_64-linux-gnu/librt-2.23.so
7f3229508000-7f3229509000 r--p 00006000 08:02 6553692                    /lib/x86_64-linux-gnu/librt-2.23.so
7f3229509000-7f322950a000 rw-p 00007000 08:02 6553692                    /lib/x86_64-linux-gnu/librt-2.23.so
7f322950a000-7f3229612000 r-xp 00000000 08:02 6558191                    /lib/x86_64-linux-gnu/libm-2.23.so
7f3229612000-7f3229811000 ---p 00108000 08:02 6558191                    /lib/x86_64-linux-gnu/libm-2.23.so
7f3229811000-7f3229812000 r--p 00107000 08:02 6558191                    /lib/x86_64-linux-gnu/libm-2.23.so
7f3229812000-7f3229813000 rw-p 00108000 08:02 6558191                    /lib/x86_64-linux-gnu/libm-2.23.so
7f3229813000-7f322a4e6000 r-xp 00000000 08:02 6831781                    /usr/lib/jvm/java-8-oracle/jre/lib/amd64/server/libjvm.so
7f322a4e6000-7f322a6e5000 ---p 00cd3000 08:02 6831781                    /usr/lib/jvm/java-8-oracle/jre/lib/amd64/server/libjvm.so
7f322a6e5000-7f322a7bf000 rw-p 00cd2000 08:02 6831781                    /usr/lib/jvm/java-8-oracle/jre/lib/amd64/server/libjvm.so
7f322a7bf000-7f322a80a000 rw-p 00000000 00:00 0 
7f322a80a000-7f322a9ca000 r-xp 00000000 08:02 6558196                    /lib/x86_64-linux-gnu/libc-2.23.so
7f322a9ca000-7f322abca000 ---p 001c0000 08:02 6558196                    /lib/x86_64-linux-gnu/libc-2.23.so
7f322abca000-7f322abce000 r--p 001c0000 08:02 6558196                    /lib/x86_64-linux-gnu/libc-2.23.so
7f322abce000-7f322abd0000 rw-p 001c4000 08:02 6558196                    /lib/x86_64-linux-gnu/libc-2.23.so
7f322abd0000-7f322abd4000 rw-p 00000000 00:00 0 
7f322abd4000-7f322abd7000 r-xp 00000000 08:02 6553695                    /lib/x86_64-linux-gnu/libdl-2.23.so
7f322abd7000-7f322add6000 ---p 00003000 08:02 6553695                    /lib/x86_64-linux-gnu/libdl-2.23.so
7f322add6000-7f322add7000 r--p 00002000 08:02 6553695                    /lib/x86_64-linux-gnu/libdl-2.23.so
7f322add7000-7f322add8000 rw-p 00003000 08:02 6553695                    /lib/x86_64-linux-gnu/libdl-2.23.so
7f322add8000-7f322aded000 r-xp 00000000 08:02 6831778                    /usr/lib/jvm/java-8-oracle/jre/lib/amd64/jli/libjli.so
7f322aded000-7f322afed000 ---p 00015000 08:02 6831778                    /usr/lib/jvm/java-8-oracle/jre/lib/amd64/jli/libjli.so
7f322afed000-7f322afee000 rw-p 00015000 08:02 6831778                    /usr/lib/jvm/java-8-oracle/jre/lib/amd64/jli/libjli.so
7f322afee000-7f322b006000 r-xp 00000000 08:02 6553689                    /lib/x86_64-linux-gnu/libpthread-2.23.so
7f322b006000-7f322b205000 ---p 00018000 08:02 6553689                    /lib/x86_64-linux-gnu/libpthread-2.23.so
7f322b205000-7f322b206000 r--p 00017000 08:02 6553689                    /lib/x86_64-linux-gnu/libpthread-2.23.so
7f322b206000-7f322b207000 rw-p 00018000 08:02 6553689                    /lib/x86_64-linux-gnu/libpthread-2.23.so
7f322b207000-7f322b20b000 rw-p 00000000 00:00 0 
7f322b20b000-7f322b231000 r-xp 00000000 08:02 6553684                    /lib/x86_64-linux-gnu/ld-2.23.so
7f322b239000-7f322b23e000 r--s 0009a000 08:02 6831665                    /usr/lib/jvm/java-8-oracle/jre/lib/jsse.jar
7f322b23e000-7f322b281000 rw-p 00000000 00:00 0 
7f322b281000-7f322b311000 ---p 00000000 00:00 0 
7f322b311000-7f322b314000 ---p 00000000 00:00 0 
7f322b314000-7f322b416000 rw-p 00000000 00:00 0 
7f322b41a000-7f322b424000 rw-p 00000000 00:00 0 
7f322b424000-7f322b42c000 rw-s 00000000 08:02 1051550                    /tmp/hsperfdata_iriss-geeth/6476
7f322b42c000-7f322b42d000 rw-p 00000000 00:00 0 
7f322b42d000-7f322b42e000 r--p 00000000 00:00 0 
7f322b42e000-7f322b430000 rw-p 00000000 00:00 0 
7f322b430000-7f322b431000 r--p 00025000 08:02 6553684                    /lib/x86_64-linux-gnu/ld-2.23.so
7f322b431000-7f322b432000 rw-p 00026000 08:02 6553684                    /lib/x86_64-linux-gnu/ld-2.23.so
7f322b432000-7f322b433000 rw-p 00000000 00:00 0 
7fff061a9000-7fff061ca000 rw-p 00000000 00:00 0                          [stack]
7fff061cd000-7fff061cf000 r--p 00000000 00:00 0                          [vvar]
7fff061cf000-7fff061d1000 r-xp 00000000 00:00 0                          [vdso]
ffffffffff600000-ffffffffff601000 r-xp 00000000 00:00 0                  [vsyscall]

VM Arguments:
jvm_args: -Xverify:none -da -Xmx512m -Xss1024k -Djruby.base=/home/iriss-geeth/.netbeans/8.1/jruby -Djruby.home=/home/iriss-geeth/.netbeans/8.1/jruby -Djruby.lib=/home/iriss-geeth/.netbeans/8.1/jruby/lib -Djruby.shell=/bin/sh -Djruby.script=jruby 
java_command: org.jruby.Main -S rake -T -D -A
java_class_path (initial): /home/iriss-geeth/.netbeans/8.1/jruby/lib/jruby.jar
Launcher Type: SUN_STANDARD

Environment Variables:
JAVA_HOME=/usr/lib/jvm/java-8-oracle
PATH=/home/iriss-geeth/.netbeans/8.1/jruby/bin:/home/iriss-geeth/bin:/home/iriss-geeth/.local/bin:/usr/local/sbin:/usr/local/bin:/usr/sbin:/usr/bin:/sbin:/bin:/usr/games:/usr/local/games:/snap/bin:/usr/lib/jvm/java-8-oracle/bin:/usr/lib/jvm/java-8-oracle/db/bin:/usr/lib/jvm/java-8-oracle/jre/bin:/home/iriss-geeth/.rvm/bin
LD_LIBRARY_PATH=/usr/lib/jvm/java-8-oracle/bin/../jre/lib/amd64:/usr/lib/jvm/java-8-oracle/bin/../jre/lib/i386:
SHELL=/bin/bash
DISPLAY=:0

Signal Handlers:
SIGSEGV: [libjvm.so+0xacba10], sa_mask[0]=11111111011111111101111111111110, sa_flags=SA_RESTART|SA_SIGINFO
SIGBUS: [libjvm.so+0xacba10], sa_mask[0]=11111111011111111101111111111110, sa_flags=SA_RESTART|SA_SIGINFO
SIGFPE: [libjvm.so+0x924ba0], sa_mask[0]=11111111011111111101111111111110, sa_flags=SA_RESTART|SA_SIGINFO
SIGPIPE: [libjvm.so+0x924ba0], sa_mask[0]=11111111011111111101111111111110, sa_flags=SA_RESTART|SA_SIGINFO
SIGXFSZ: [libjvm.so+0x924ba0], sa_mask[0]=11111111011111111101111111111110, sa_flags=SA_RESTART|SA_SIGINFO
SIGILL: [libjvm.so+0x924ba0], sa_mask[0]=11111111011111111101111111111110, sa_flags=SA_RESTART|SA_SIGINFO
SIGUSR1: SIG_DFL, sa_mask[0]=00000000000000000000000000000000, sa_flags=none
SIGUSR2: [libjvm.so+0x9263e0], sa_mask[0]=00100000000000000000000000000000, sa_flags=SA_RESTART|SA_SIGINFO
SIGHUP: [libjvm.so+0x9277e0], sa_mask[0]=11111111011111111101111111111110, sa_flags=SA_RESTART|SA_SIGINFO
SIGINT: SIG_IGN, sa_mask[0]=00000000000000000000000000000000, sa_flags=none
SIGTERM: [libjvm.so+0x9277e0], sa_mask[0]=11111111011111111101111111111110, sa_flags=SA_RESTART|SA_SIGINFO
SIGQUIT: [libjvm.so+0x9277e0], sa_mask[0]=11111111011111111101111111111110, sa_flags=SA_RESTART|SA_SIGINFO


---------------  S Y S T E M  ---------------

OS:DISTRIB_ID=Ubuntu
DISTRIB_RELEASE=16.04
DISTRIB_CODENAME=xenial
DISTRIB_DESCRIPTION="Ubuntu 16.04.2 LTS"

uname:Linux 4.10.0-37-generic #41~16.04.1-Ubuntu SMP Fri Oct 6 22:42:59 UTC 2017 x86_64
libc:glibc 2.23 NPTL 2.23 
rlimit: STACK 8192k, CORE 0k, NPROC 22297, NOFILE 65536, AS infinity
load average:2.13 0.88 0.68

/proc/meminfo:
MemTotal:        5968780 kB
MemFree:         2718924 kB
MemAvailable:    3541036 kB
Buffers:          114344 kB
Cached:          1138172 kB
SwapCached:            0 kB
Active:          2462080 kB
Inactive:         593212 kB
Active(anon):    1804008 kB
Inactive(anon):   257392 kB
Active(file):     658072 kB
Inactive(file):   335820 kB
Unevictable:          32 kB
Mlocked:              32 kB
SwapTotal:       6150140 kB
SwapFree:        6150140 kB
Dirty:               812 kB
Writeback:             0 kB
AnonPages:       1753296 kB
Mapped:           362352 kB
Shmem:            258480 kB
Slab:             111312 kB
SReclaimable:      78976 kB
SUnreclaim:        32336 kB
KernelStack:        9408 kB
PageTables:        32140 kB
NFS_Unstable:          0 kB
Bounce:                0 kB
WritebackTmp:          0 kB
CommitLimit:     9134528 kB
Committed_AS:    5867284 kB
VmallocTotal:   34359738367 kB
VmallocUsed:           0 kB
VmallocChunk:          0 kB
HardwareCorrupted:     0 kB
AnonHugePages:    698368 kB
ShmemHugePages:        0 kB
ShmemPmdMapped:        0 kB
CmaTotal:              0 kB
CmaFree:               0 kB
HugePages_Total:       0
HugePages_Free:        0
HugePages_Rsvd:        0
HugePages_Surp:        0
Hugepagesize:       2048 kB
DirectMap4k:      105648 kB
DirectMap2M:     4997120 kB
DirectMap1G:     2097152 kB


CPU:total 2 (initial active 2) (2 cores per cpu, 1 threads per core) family 6 model 60 stepping 3, cmov, cx8, fxsr, mmx, sse, sse2, sse3, ssse3, sse4.1, sse4.2, popcnt, clmul, erms, lzcnt, tsc, tscinvbit

/proc/cpuinfo:
processor	: 0
vendor_id	: GenuineIntel
cpu family	: 6
model		: 60
model name	: Intel(R) Pentium(R) CPU G3220 @ 3.00GHz
stepping	: 3
microcode	: 0x12
cpu MHz		: 2999.816
cache size	: 3072 KB
physical id	: 0
siblings	: 2
core id		: 0
cpu cores	: 2
apicid		: 0
initial apicid	: 0
fpu		: yes
fpu_exception	: yes
cpuid level	: 13
wp		: yes
flags		: fpu vme de pse tsc msr pae mce cx8 apic sep mtrr pge mca cmov pat pse36 clflush dts acpi mmx fxsr sse sse2 ss ht tm pbe syscall nx pdpe1gb rdtscp lm constant_tsc arch_perfmon pebs bts rep_good nopl xtopology nonstop_tsc aperfmperf pni pclmulqdq dtes64 monitor ds_cpl vmx est tm2 ssse3 sdbg cx16 xtpr pdcm pcid sse4_1 sse4_2 movbe popcnt tsc_deadline_timer xsave rdrand lahf_lm abm tpr_shadow vnmi flexpriority ept vpid fsgsbase tsc_adjust erms invpcid xsaveopt dtherm arat pln pts
bugs		:
bogomips	: 5986.52
clflush size	: 64
cache_alignment	: 64
address sizes	: 39 bits physical, 48 bits virtual
power management:

processor	: 1
vendor_id	: GenuineIntel
cpu family	: 6
model		: 60
model name	: Intel(R) Pentium(R) CPU G3220 @ 3.00GHz
stepping	: 3
microcode	: 0x12
cpu MHz		: 3000.000
cache size	: 3072 KB
physical id	: 0
siblings	: 2
core id		: 1
cpu cores	: 2
apicid		: 2
initial apicid	: 2
fpu		: yes
fpu_exception	: yes
cpuid level	: 13
wp		: yes
flags		: fpu vme de pse tsc msr pae mce cx8 apic sep mtrr pge mca cmov pat pse36 clflush dts acpi mmx fxsr sse sse2 ss ht tm pbe syscall nx pdpe1gb rdtscp lm constant_tsc arch_perfmon pebs bts rep_good nopl xtopology nonstop_tsc aperfmperf pni pclmulqdq dtes64 monitor ds_cpl vmx est tm2 ssse3 sdbg cx16 xtpr pdcm pcid sse4_1 sse4_2 movbe popcnt tsc_deadline_timer xsave rdrand lahf_lm abm tpr_shadow vnmi flexpriority ept vpid fsgsbase tsc_adjust erms invpcid xsaveopt dtherm arat pln pts
bugs		:
bogomips	: 5986.52
clflush size	: 64
cache_alignment	: 64
address sizes	: 39 bits physical, 48 bits virtual
power management:



Memory: 4k page, physical 5968780k(2718924k free), swap 6150140k(6150140k free)

vm_info: Java HotSpot(TM) 64-Bit Server VM (25.144-b01) for linux-amd64 JRE (1.8.0_144-b01), built on Jul 21 2017 21:57:33 by "java_re" with gcc 4.3.0 20080428 (Red Hat 4.3.0-8)

time: Tue Oct 17 13:16:14 2017
elapsed time: 6 seconds (0d 0h 0m 6s)

